[INFO] Scanning for projects...
[INFO] 
[INFO] ----------------------< com.api.util:ApiSecurity >----------------------
[INFO] Building ApiSecurity 1.3.4-SNAPSHOT
[INFO] --------------------------------[ jar ]---------------------------------
[INFO] 
[INFO] --- jsonschema2pojo-maven-plugin:0.5.1:generate (default) @ ApiSecurity ---
Downloading from gradle-workaround: http://repo.spring.io/plugins-release/io/grpc/grpc-core/maven-metadata.xml
Downloading from maven-central: http://repo1.maven.org/maven2/io/grpc/grpc-core/maven-metadata.xml
[WARNING] Could not transfer metadata io.grpc:grpc-core/maven-metadata.xml from/to maven-central (http://repo1.maven.org/maven2): Failed to transfer file: http://repo1.maven.org/maven2/io/grpc/grpc-core/maven-metadata.xml. Return code is: 501 , ReasonPhrase:HTTPS Required.
[WARNING] Could not transfer metadata io.grpc:grpc-core/maven-metadata.xml from/to gradle-workaround (http://repo.spring.io/plugins-release): Failed to transfer file: http://repo.spring.io/plugins-release/io/grpc/grpc-core/maven-metadata.xml. Return code is: 308 , ReasonPhrase:Permanent Redirect.
Downloading from gradle-workaround: http://repo.spring.io/plugins-release/io/netty/netty-codec-http2/maven-metadata.xml
Downloading from maven-central: http://repo1.maven.org/maven2/io/netty/netty-codec-http2/maven-metadata.xml
[WARNING] Could not transfer metadata io.netty:netty-codec-http2/maven-metadata.xml from/to maven-central (http://repo1.maven.org/maven2): Failed to transfer file: http://repo1.maven.org/maven2/io/netty/netty-codec-http2/maven-metadata.xml. Return code is: 501 , ReasonPhrase:HTTPS Required.
[WARNING] Could not transfer metadata io.netty:netty-codec-http2/maven-metadata.xml from/to gradle-workaround (http://repo.spring.io/plugins-release): Failed to transfer file: http://repo.spring.io/plugins-release/io/netty/netty-codec-http2/maven-metadata.xml. Return code is: 308 , ReasonPhrase:Permanent Redirect.
[WARNING] Failure to transfer io.grpc:grpc-core/maven-metadata.xml from http://repo1.maven.org/maven2 was cached in the local repository, resolution will not be reattempted until the update interval of maven-central has elapsed or updates are forced. Original error: Could not transfer metadata io.grpc:grpc-core/maven-metadata.xml from/to maven-central (http://repo1.maven.org/maven2): Failed to transfer file: http://repo1.maven.org/maven2/io/grpc/grpc-core/maven-metadata.xml. Return code is: 501 , ReasonPhrase:HTTPS Required.
[WARNING] Failure to transfer io.grpc:grpc-core/maven-metadata.xml from http://repo.spring.io/plugins-release was cached in the local repository, resolution will not be reattempted until the update interval of gradle-workaround has elapsed or updates are forced. Original error: Could not transfer metadata io.grpc:grpc-core/maven-metadata.xml from/to gradle-workaround (http://repo.spring.io/plugins-release): Failed to transfer file: http://repo.spring.io/plugins-release/io/grpc/grpc-core/maven-metadata.xml. Return code is: 308 , ReasonPhrase:Permanent Redirect.
[WARNING] Failure to transfer io.netty:netty-codec-http2/maven-metadata.xml from http://repo1.maven.org/maven2 was cached in the local repository, resolution will not be reattempted until the update interval of maven-central has elapsed or updates are forced. Original error: Could not transfer metadata io.netty:netty-codec-http2/maven-metadata.xml from/to maven-central (http://repo1.maven.org/maven2): Failed to transfer file: http://repo1.maven.org/maven2/io/netty/netty-codec-http2/maven-metadata.xml. Return code is: 501 , ReasonPhrase:HTTPS Required.
[WARNING] Failure to transfer io.netty:netty-codec-http2/maven-metadata.xml from http://repo.spring.io/plugins-release was cached in the local repository, resolution will not be reattempted until the update interval of gradle-workaround has elapsed or updates are forced. Original error: Could not transfer metadata io.netty:netty-codec-http2/maven-metadata.xml from/to gradle-workaround (http://repo.spring.io/plugins-release): Failed to transfer file: http://repo.spring.io/plugins-release/io/netty/netty-codec-http2/maven-metadata.xml. Return code is: 308 , ReasonPhrase:Permanent Redirect.
[INFO] 
[INFO] --- maven-resources-plugin:2.6:resources (default-resources) @ ApiSecurity ---
[INFO] Using 'UTF-8' encoding to copy filtered resources.
[INFO] Copying 28 resources
[INFO] 
[INFO] --- maven-compiler-plugin:3.5.1:compile (default-compile) @ ApiSecurity ---
[INFO] Changes detected - recompiling the module!
[INFO] Compiling 16 source files to /Users/nsearch-sohboonkeong/GovTech/workspace/java-apex-api-security/target/classes
[INFO] 
[INFO] --- maven-resources-plugin:2.6:testResources (default-testResources) @ ApiSecurity ---
[INFO] Using 'UTF-8' encoding to copy filtered resources.
[INFO] skip non existing resourceDirectory /Users/nsearch-sohboonkeong/GovTech/workspace/java-apex-api-security/src/test/resources
[INFO] 
[INFO] --- maven-compiler-plugin:3.5.1:testCompile (default-testCompile) @ ApiSecurity ---
[INFO] Nothing to compile - all classes are up to date
[INFO] 
[INFO] --- maven-surefire-plugin:2.12.4:test (default-test) @ ApiSecurity ---
[INFO] Surefire report directory: /Users/nsearch-sohboonkeong/GovTech/workspace/java-apex-api-security/target/surefire-reports

-------------------------------------------------------
 T E S T S
-------------------------------------------------------
Running com.api.util.ApiSecurity.ApiSecurityTest
File: getSignatureToken.json
2021-10-05 15:26:10 [main] INFO :: ====================> Start :: RuntimeTestCase :: getSignatureToken :: testName : 1_getSignatureToken.json 
QUERYSTRING 
QUERYSTRING [clientname=apex.l1.test.client]
FORMLIST ITEM apex.l1.test.client
FORMLIST
FORMLIST []
APILISTFORMDATA 
APILISTFORMDATA []
APP SECRET 
APP SECRET ae9e634c3cea19dad0adae5e1e11dd5ab2fa78c0
2021-10-05 15:26:10 [main] DEBUG:: Enter :: getSignatureTokenV2 :: realm : {} , authPrefix  : {} , appId : {} , com.api.util.ApiSecurity.AuthParam@71248c21
2021-10-05 15:26:10 [main] DEBUG:: Enter :: getBaseString :: authPrefix  : apex_l1_eg , signatureMethod : HMACSHA256 , appId : training-3O9HWXNyVT0701KyJIZte787 , urlPath : https://training.api.lab:443/ai/training/rest/v1/level1/ex-ex?adata=some+data&aapre=321 , httpMethod : GET , nonce : iypPgHH6z78Mu3GloCA= , timestamp : 1536650955984 , version : 1.0
2021-10-05 15:26:10 [main] DEBUG:: raw url:: https://training.api.lab:443/ai/training/rest/v1/level1/ex-ex?adata=some+data&aapre=321
2021-10-05 15:26:10 [main] DEBUG:: siteUri.getScheme():: https
2021-10-05 15:26:10 [main] DEBUG:: url:: https://training.api.lab/ai/training/rest/v1/level1/ex-ex
2021-10-05 15:26:10 [main] DEBUG:: queryString:: adata=some+data&aapre=321
2021-10-05 15:26:10 [main] DEBUG:: queryItem:: adata=some+data
2021-10-05 15:26:10 [main] DEBUG:: queryItem:: aapre=321
2021-10-05 15:26:10 [main] DEBUG:: Exit :: getBaseString :: baseString : GET&https://training.api.lab/ai/training/rest/v1/level1/ex-ex&aapre=321&adata=some data&apex_l1_eg_app_id=training-3O9HWXNyVT0701KyJIZte787&apex_l1_eg_nonce=iypPgHH6z78Mu3GloCA=&apex_l1_eg_signature_method=HMACSHA256&apex_l1_eg_timestamp=1536650955984&apex_l1_eg_version=1.0 
IN HMCA
IN HMCA show secret ae9e634c3cea19dad0adae5e1e11dd5ab2fa78c0
2021-10-05 15:26:10 [main] DEBUG:: Enter :: getHMACSignature :: baseString : GET&https://training.api.lab/ai/training/rest/v1/level1/ex-ex&aapre=321&adata=some data&apex_l1_eg_app_id=training-3O9HWXNyVT0701KyJIZte787&apex_l1_eg_nonce=iypPgHH6z78Mu3GloCA=&apex_l1_eg_signature_method=HMACSHA256&apex_l1_eg_timestamp=1536650955984&apex_l1_eg_version=1.0 , secret: ae9e634c3cea19dad0adae5e1e11dd5ab2fa78c0 
IN getHMAC 
IN getHMAC with secret ae9e634c3cea19dad0adae5e1e11dd5ab2fa78c0
2021-10-05 15:26:10 [main] DEBUG:: Exit :: getHMACSignature :: base64Token : nL5RYWSdyDXk9p5h4DLytyQ9uw5d1wAHe7o2r7enx18= 
2021-10-05 15:26:10 [main] DEBUG:: Exit :: getToken :: authorizationToken : Apex_l1_eg realm="https://training.api.lab", apex_l1_eg_app_id="training-3O9HWXNyVT0701KyJIZte787", apex_l1_eg_nonce="iypPgHH6z78Mu3GloCA=", apex_l1_eg_signature_method="HMACSHA256", apex_l1_eg_timestamp="1536650955984", apex_l1_eg_version="1.0", apex_l1_eg_signature="nL5RYWSdyDXk9p5h4DLytyQ9uw5d1wAHe7o2r7enx18=" 
2021-10-05 15:26:10 [main] INFO :: Run :: RuntimeTestCase :: getSignatureToken :: expectedBaseString : Apex_l1_eg realm="https://training.api.lab", apex_l1_eg_app_id="training-3O9HWXNyVT0701KyJIZte787", apex_l1_eg_nonce="iypPgHH6z78Mu3GloCA=", apex_l1_eg_signature_method="HMACSHA256", apex_l1_eg_timestamp="1536650955984", apex_l1_eg_version="1.0", apex_l1_eg_signature="15F82gImU+m+lHLjErxOcAAvdWTcYnHk3nHfXqw5D70=" 
2021-10-05 15:26:10 [main] INFO :: Run :: RuntimeTestCase :: getSignatureToken :: signatureToken : Apex_l1_eg realm="https://training.api.lab", apex_l1_eg_app_id="training-3O9HWXNyVT0701KyJIZte787", apex_l1_eg_nonce="iypPgHH6z78Mu3GloCA=", apex_l1_eg_signature_method="HMACSHA256", apex_l1_eg_timestamp="1536650955984", apex_l1_eg_version="1.0", apex_l1_eg_signature="nL5RYWSdyDXk9p5h4DLytyQ9uw5d1wAHe7o2r7enx18=" 
2021-10-05 15:26:10 [main] INFO :: ====================> Start :: RuntimeTestCase :: getSignatureToken :: testName : 2_getSignatureToken.json 
QUERYSTRING 
2021-10-05 15:26:10 [main] ERROR:: Exception :: RuntimeTestCase :: getSignatureToken :: testName : 2_getSignatureToken.json 
java.lang.NullPointerException
	at com.api.util.testframework.RuntimeTestCase.getSignatureToken(RuntimeTestCase.java:284)
	at com.api.util.testframework.RuntimeTestCase.getSignatureToken(RuntimeTestCase.java:208)
	at sun.reflect.NativeMethodAccessorImpl.invoke0(Native Method)
	at sun.reflect.NativeMethodAccessorImpl.invoke(NativeMethodAccessorImpl.java:62)
	at sun.reflect.DelegatingMethodAccessorImpl.invoke(DelegatingMethodAccessorImpl.java:43)
	at java.lang.reflect.Method.invoke(Method.java:498)
	at org.junit.runners.model.FrameworkMethod$1.runReflectiveCall(FrameworkMethod.java:50)
	at org.junit.internal.runners.model.ReflectiveCallable.run(ReflectiveCallable.java:12)
	at org.junit.runners.model.FrameworkMethod.invokeExplosively(FrameworkMethod.java:47)
	at com.api.util.testframework.JUnitFrameworkFactory.invokeExplosively(JUnitFrameworkFactory.java:28)
	at org.junit.internal.runners.statements.InvokeMethod.evaluate(InvokeMethod.java:17)
	at org.junit.runners.ParentRunner.runLeaf(ParentRunner.java:325)
	at org.junit.runners.BlockJUnit4ClassRunner.runChild(BlockJUnit4ClassRunner.java:78)
	at org.junit.runners.BlockJUnit4ClassRunner.runChild(BlockJUnit4ClassRunner.java:57)
	at org.junit.runners.ParentRunner$3.run(ParentRunner.java:290)
	at org.junit.runners.ParentRunner$1.schedule(ParentRunner.java:71)
	at org.junit.runners.ParentRunner.runChildren(ParentRunner.java:288)
	at org.junit.runners.ParentRunner.access$000(ParentRunner.java:58)
	at org.junit.runners.ParentRunner$2.evaluate(ParentRunner.java:268)
	at org.junit.runners.ParentRunner.run(ParentRunner.java:363)
	at org.apache.maven.surefire.junit4.JUnit4Provider.execute(JUnit4Provider.java:252)
	at org.apache.maven.surefire.junit4.JUnit4Provider.executeTestSet(JUnit4Provider.java:141)
	at org.apache.maven.surefire.junit4.JUnit4Provider.invoke(JUnit4Provider.java:112)
	at sun.reflect.NativeMethodAccessorImpl.invoke0(Native Method)
	at sun.reflect.NativeMethodAccessorImpl.invoke(NativeMethodAccessorImpl.java:62)
	at sun.reflect.DelegatingMethodAccessorImpl.invoke(DelegatingMethodAccessorImpl.java:43)
	at java.lang.reflect.Method.invoke(Method.java:498)
	at org.apache.maven.surefire.util.ReflectionUtils.invokeMethodWithArray(ReflectionUtils.java:189)
	at org.apache.maven.surefire.booter.ProviderFactory$ProviderProxy.invoke(ProviderFactory.java:165)
	at org.apache.maven.surefire.booter.ProviderFactory.invokeProvider(ProviderFactory.java:85)
	at org.apache.maven.surefire.booter.ForkedBooter.runSuitesInProcess(ForkedBooter.java:115)
	at org.apache.maven.surefire.booter.ForkedBooter.main(ForkedBooter.java:75)
2021-10-05 15:26:10 [main] INFO :: ====================> Start :: RuntimeTestCase :: getSignatureToken :: testName : 3_getSignatureToken.json 
QUERYSTRING 
2021-10-05 15:26:10 [main] ERROR:: Exception :: RuntimeTestCase :: getSignatureToken :: testName : 3_getSignatureToken.json 
java.lang.NullPointerException
	at com.api.util.testframework.RuntimeTestCase.getSignatureToken(RuntimeTestCase.java:284)
	at com.api.util.testframework.RuntimeTestCase.getSignatureToken(RuntimeTestCase.java:208)
	at sun.reflect.NativeMethodAccessorImpl.invoke0(Native Method)
	at sun.reflect.NativeMethodAccessorImpl.invoke(NativeMethodAccessorImpl.java:62)
	at sun.reflect.DelegatingMethodAccessorImpl.invoke(DelegatingMethodAccessorImpl.java:43)
	at java.lang.reflect.Method.invoke(Method.java:498)
	at org.junit.runners.model.FrameworkMethod$1.runReflectiveCall(FrameworkMethod.java:50)
	at org.junit.internal.runners.model.ReflectiveCallable.run(ReflectiveCallable.java:12)
	at org.junit.runners.model.FrameworkMethod.invokeExplosively(FrameworkMethod.java:47)
	at com.api.util.testframework.JUnitFrameworkFactory.invokeExplosively(JUnitFrameworkFactory.java:28)
	at org.junit.internal.runners.statements.InvokeMethod.evaluate(InvokeMethod.java:17)
	at org.junit.runners.ParentRunner.runLeaf(ParentRunner.java:325)
	at org.junit.runners.BlockJUnit4ClassRunner.runChild(BlockJUnit4ClassRunner.java:78)
	at org.junit.runners.BlockJUnit4ClassRunner.runChild(BlockJUnit4ClassRunner.java:57)
	at org.junit.runners.ParentRunner$3.run(ParentRunner.java:290)
	at org.junit.runners.ParentRunner$1.schedule(ParentRunner.java:71)
	at org.junit.runners.ParentRunner.runChildren(ParentRunner.java:288)
	at org.junit.runners.ParentRunner.access$000(ParentRunner.java:58)
	at org.junit.runners.ParentRunner$2.evaluate(ParentRunner.java:268)
	at org.junit.runners.ParentRunner.run(ParentRunner.java:363)
	at org.apache.maven.surefire.junit4.JUnit4Provider.execute(JUnit4Provider.java:252)
	at org.apache.maven.surefire.junit4.JUnit4Provider.executeTestSet(JUnit4Provider.java:141)
	at org.apache.maven.surefire.junit4.JUnit4Provider.invoke(JUnit4Provider.java:112)
	at sun.reflect.NativeMethodAccessorImpl.invoke0(Native Method)
	at sun.reflect.NativeMethodAccessorImpl.invoke(NativeMethodAccessorImpl.java:62)
	at sun.reflect.DelegatingMethodAccessorImpl.invoke(DelegatingMethodAccessorImpl.java:43)
	at java.lang.reflect.Method.invoke(Method.java:498)
	at org.apache.maven.surefire.util.ReflectionUtils.invokeMethodWithArray(ReflectionUtils.java:189)
	at org.apache.maven.surefire.booter.ProviderFactory$ProviderProxy.invoke(ProviderFactory.java:165)
	at org.apache.maven.surefire.booter.ProviderFactory.invokeProvider(ProviderFactory.java:85)
	at org.apache.maven.surefire.booter.ForkedBooter.runSuitesInProcess(ForkedBooter.java:115)
	at org.apache.maven.surefire.booter.ForkedBooter.main(ForkedBooter.java:75)
2021-10-05 15:26:10 [main] INFO :: ====================> Start :: RuntimeTestCase :: getSignatureToken :: testName : 4_getSignatureToken.json 
QUERYSTRING 
2021-10-05 15:26:10 [main] ERROR:: Exception :: RuntimeTestCase :: getSignatureToken :: testName : 4_getSignatureToken.json 
java.lang.NullPointerException
	at com.api.util.testframework.RuntimeTestCase.getSignatureToken(RuntimeTestCase.java:284)
	at com.api.util.testframework.RuntimeTestCase.getSignatureToken(RuntimeTestCase.java:208)
	at sun.reflect.NativeMethodAccessorImpl.invoke0(Native Method)
	at sun.reflect.NativeMethodAccessorImpl.invoke(NativeMethodAccessorImpl.java:62)
	at sun.reflect.DelegatingMethodAccessorImpl.invoke(DelegatingMethodAccessorImpl.java:43)
	at java.lang.reflect.Method.invoke(Method.java:498)
	at org.junit.runners.model.FrameworkMethod$1.runReflectiveCall(FrameworkMethod.java:50)
	at org.junit.internal.runners.model.ReflectiveCallable.run(ReflectiveCallable.java:12)
	at org.junit.runners.model.FrameworkMethod.invokeExplosively(FrameworkMethod.java:47)
	at com.api.util.testframework.JUnitFrameworkFactory.invokeExplosively(JUnitFrameworkFactory.java:28)
	at org.junit.internal.runners.statements.InvokeMethod.evaluate(InvokeMethod.java:17)
	at org.junit.runners.ParentRunner.runLeaf(ParentRunner.java:325)
	at org.junit.runners.BlockJUnit4ClassRunner.runChild(BlockJUnit4ClassRunner.java:78)
	at org.junit.runners.BlockJUnit4ClassRunner.runChild(BlockJUnit4ClassRunner.java:57)
	at org.junit.runners.ParentRunner$3.run(ParentRunner.java:290)
	at org.junit.runners.ParentRunner$1.schedule(ParentRunner.java:71)
	at org.junit.runners.ParentRunner.runChildren(ParentRunner.java:288)
	at org.junit.runners.ParentRunner.access$000(ParentRunner.java:58)
	at org.junit.runners.ParentRunner$2.evaluate(ParentRunner.java:268)
	at org.junit.runners.ParentRunner.run(ParentRunner.java:363)
	at org.apache.maven.surefire.junit4.JUnit4Provider.execute(JUnit4Provider.java:252)
	at org.apache.maven.surefire.junit4.JUnit4Provider.executeTestSet(JUnit4Provider.java:141)
	at org.apache.maven.surefire.junit4.JUnit4Provider.invoke(JUnit4Provider.java:112)
	at sun.reflect.NativeMethodAccessorImpl.invoke0(Native Method)
	at sun.reflect.NativeMethodAccessorImpl.invoke(NativeMethodAccessorImpl.java:62)
	at sun.reflect.DelegatingMethodAccessorImpl.invoke(DelegatingMethodAccessorImpl.java:43)
	at java.lang.reflect.Method.invoke(Method.java:498)
	at org.apache.maven.surefire.util.ReflectionUtils.invokeMethodWithArray(ReflectionUtils.java:189)
	at org.apache.maven.surefire.booter.ProviderFactory$ProviderProxy.invoke(ProviderFactory.java:165)
	at org.apache.maven.surefire.booter.ProviderFactory.invokeProvider(ProviderFactory.java:85)
	at org.apache.maven.surefire.booter.ForkedBooter.runSuitesInProcess(ForkedBooter.java:115)
	at org.apache.maven.surefire.booter.ForkedBooter.main(ForkedBooter.java:75)
2021-10-05 15:26:10 [main] INFO :: ====================> Start :: RuntimeTestCase :: getSignatureToken :: testName : 5_getSignatureToken.json 
QUERYSTRING 
QUERYSTRING [clientname=node.js.test.l1, data=some data value, ap=duplicate+name+new]
FORMLIST ITEM node.js.test.l1
FORMLIST ITEM some data value
FORMLIST ITEM duplicate+name+new
FORMLIST
FORMLIST []
APILISTFORMDATA 
APILISTFORMDATA []
APP SECRET 
APP SECRET 
2021-10-05 15:26:10 [main] DEBUG:: Enter :: getPrivateKeyPEM :: privateKeyFileName : src/main/resources/test-suites/cert/alpha/training.alpha.apex.lab.nopass.pem 
2021-10-05 15:26:11 [main] DEBUG:: Exit :: getPrivateKeyPEM
2021-10-05 15:26:11 [main] DEBUG:: Enter :: getSignatureTokenV2 :: realm : {} , authPrefix  : {} , appId : {} , com.api.util.ApiSecurity.AuthParam@179ece50
2021-10-05 15:26:11 [main] DEBUG:: Enter :: getBaseString :: authPrefix  : apex_l2_eg , signatureMethod : SHA256withRSA , appId : training-3O9HWXNyVT0701KyJIZte787 , urlPath : https://training.api.lab:443/ai/training/rest/v1/level2/ex-ex/1?ap=裕廊坊%20心邻坊&ap=duplicate+name , httpMethod : GET , nonce : iypPgHH6z78Mu3GloCA= , timestamp : 1536650955984 , version : 1.0
2021-10-05 15:26:11 [main] DEBUG:: raw url:: https://training.api.lab:443/ai/training/rest/v1/level2/ex-ex/1?ap=裕廊坊%20心邻坊&ap=duplicate+name
2021-10-05 15:26:11 [main] DEBUG:: siteUri.getScheme():: https
2021-10-05 15:26:11 [main] DEBUG:: url:: https://training.api.lab/ai/training/rest/v1/level2/ex-ex/1
2021-10-05 15:26:11 [main] DEBUG:: queryString:: ap=裕廊坊%20心邻坊&ap=duplicate+name
2021-10-05 15:26:11 [main] DEBUG:: queryItem:: ap=裕廊坊%20心邻坊
2021-10-05 15:26:11 [main] DEBUG:: queryItem:: ap=duplicate+name
2021-10-05 15:26:11 [main] DEBUG:: Exit :: getBaseString :: baseString : GET&https://training.api.lab/ai/training/rest/v1/level2/ex-ex/1&ap=duplicate name&ap=裕廊坊 心邻坊&apex_l2_eg_app_id=training-3O9HWXNyVT0701KyJIZte787&apex_l2_eg_nonce=iypPgHH6z78Mu3GloCA=&apex_l2_eg_signature_method=SHA256withRSA&apex_l2_eg_timestamp=1536650955984&apex_l2_eg_version=1.0 
2021-10-05 15:26:11 [main] DEBUG:: Enter :: getRSASignature :: baseString : GET&https://training.api.lab/ai/training/rest/v1/level2/ex-ex/1&ap=duplicate name&ap=裕廊坊 心邻坊&apex_l2_eg_app_id=training-3O9HWXNyVT0701KyJIZte787&apex_l2_eg_nonce=iypPgHH6z78Mu3GloCA=&apex_l2_eg_signature_method=SHA256withRSA&apex_l2_eg_timestamp=1536650955984&apex_l2_eg_version=1.0 
2021-10-05 15:26:11 [main] DEBUG:: encryptedData length:256
2021-10-05 15:26:11 [main] DEBUG:: Exit :: getRSASignature :: base64Token : Cs6oF2hrJ2UjCklCEYifzNcmFruMtwMxACwEtuuhHL2ZHjvaaLqCgBAREXUMicWhE7zjNbJQemxJULesYhNTV0B03kq1knwn1RnQLFZXA9ekl1Vl1cV+tm33B/OL10EdhUTErTiN7knzcxH4571L67rZ84jHDBu/WoUmD62soUmURpKkGTGqcB29Evgx1m/8vX66qU3gS/TKJzevx43xBxAhhuKT0ijkZWwOICsmwh0PzcY/R9MF3v5aLNdMx0GMxl3Wim8mekNiUXedXKtl4/zZ9tJAGVa/yph5yrj466iGVRWIZcDSr8q7uLQdh1VIsOwioW3DKVoXK8WKW7Tl8g== 
2021-10-05 15:26:11 [main] DEBUG:: Exit :: getToken :: authorizationToken : Apex_l2_eg realm="https://training.api.lab", apex_l2_eg_app_id="training-3O9HWXNyVT0701KyJIZte787", apex_l2_eg_nonce="iypPgHH6z78Mu3GloCA=", apex_l2_eg_signature_method="SHA256withRSA", apex_l2_eg_timestamp="1536650955984", apex_l2_eg_version="1.0", apex_l2_eg_signature="Cs6oF2hrJ2UjCklCEYifzNcmFruMtwMxACwEtuuhHL2ZHjvaaLqCgBAREXUMicWhE7zjNbJQemxJULesYhNTV0B03kq1knwn1RnQLFZXA9ekl1Vl1cV+tm33B/OL10EdhUTErTiN7knzcxH4571L67rZ84jHDBu/WoUmD62soUmURpKkGTGqcB29Evgx1m/8vX66qU3gS/TKJzevx43xBxAhhuKT0ijkZWwOICsmwh0PzcY/R9MF3v5aLNdMx0GMxl3Wim8mekNiUXedXKtl4/zZ9tJAGVa/yph5yrj466iGVRWIZcDSr8q7uLQdh1VIsOwioW3DKVoXK8WKW7Tl8g==" 
2021-10-05 15:26:11 [main] INFO :: Run :: RuntimeTestCase :: getSignatureToken :: expectedBaseString : Apex_l2_eg realm="apex.l2.test", apex_l2_eg_app_id="training-3O9HWXNyVT0701KyJIZte787", apex_l2_eg_nonce="iypPgHH6z78Mu3GloCA=", apex_l2_eg_signature_method="SHA256withRSA", apex_l2_eg_timestamp="1536650955984", apex_l2_eg_version="1.0", apex_l2_eg_signature="LiEf7Mwxac/2PI20eV3kAUPf62AIYVeyiKEyItH+UL6vTGk4L3iULgKYxkrZWjv6PXIth7NHKKNPdsQfl7nFrxCauE4QbDpiYYxrQN5QZ6xJLTqCUVbpJH7Cr6Cnxo9eUOttRykcpquuVW2IJ8xdfKYRmmjkHONAAWogliwILI2Q3UR4Ki+4KuXkoz1tzO5zpznhvv8k9LgloKtx/2gd+hLAMqOQRpuJ3cXBomIEA7NjarC8gmm49wl+x5Z4vN0KIuOOmvh0IkVHGRPAtDn3o7f2LV8a8K2uO4KD8xVY1q/OiDeQAsZGvMv+5x2b8BZ0ZL8iOajGIvyO2RNfFPy1OQ==" 
2021-10-05 15:26:11 [main] INFO :: Run :: RuntimeTestCase :: getSignatureToken :: signatureToken : Apex_l2_eg realm="https://training.api.lab", apex_l2_eg_app_id="training-3O9HWXNyVT0701KyJIZte787", apex_l2_eg_nonce="iypPgHH6z78Mu3GloCA=", apex_l2_eg_signature_method="SHA256withRSA", apex_l2_eg_timestamp="1536650955984", apex_l2_eg_version="1.0", apex_l2_eg_signature="Cs6oF2hrJ2UjCklCEYifzNcmFruMtwMxACwEtuuhHL2ZHjvaaLqCgBAREXUMicWhE7zjNbJQemxJULesYhNTV0B03kq1knwn1RnQLFZXA9ekl1Vl1cV+tm33B/OL10EdhUTErTiN7knzcxH4571L67rZ84jHDBu/WoUmD62soUmURpKkGTGqcB29Evgx1m/8vX66qU3gS/TKJzevx43xBxAhhuKT0ijkZWwOICsmwh0PzcY/R9MF3v5aLNdMx0GMxl3Wim8mekNiUXedXKtl4/zZ9tJAGVa/yph5yrj466iGVRWIZcDSr8q7uLQdh1VIsOwioW3DKVoXK8WKW7Tl8g==" 
2021-10-05 15:26:11 [main] INFO :: ====================> Start :: RuntimeTestCase :: getSignatureToken :: testName : 6_getSignatureToken.json 
QUERYSTRING 
QUERYSTRING [nullValue1=z, aaParam=aaa]
FORMLIST ITEM z
FORMLIST ITEM aaa
FORMLIST
FORMLIST []
APILISTFORMDATA 
APILISTFORMDATA []
APP SECRET 
APP SECRET 
2021-10-05 15:26:11 [main] DEBUG:: Enter :: getPrivateKeyPEM :: privateKeyFileName : src/main/resources/test-suites/cert/alpha/training.alpha.apex.lab.nopass.pem 
2021-10-05 15:26:11 [main] DEBUG:: Exit :: getPrivateKeyPEM
2021-10-05 15:26:11 [main] DEBUG:: Enter :: getSignatureTokenV2 :: realm : {} , authPrefix  : {} , appId : {} , com.api.util.ApiSecurity.AuthParam@1fa121e2
2021-10-05 15:26:11 [main] DEBUG:: Enter :: getBaseString :: authPrefix  : apex_l2_eg , signatureMethod : SHA256withRSA , appId : training-3O9HWXNyVT0701KyJIZte787 , urlPath : https://training.api.lab:443/ai/training/rest/v1/level2/ex-ex/1?nullValue1=a&nullvalue1=d , httpMethod : POST , nonce : iypPgHH6z78Mu3GloCA= , timestamp : 1536650955984 , version : 1.0
2021-10-05 15:26:11 [main] DEBUG:: raw url:: https://training.api.lab:443/ai/training/rest/v1/level2/ex-ex/1?nullValue1=a&nullvalue1=d
2021-10-05 15:26:11 [main] DEBUG:: siteUri.getScheme():: https
2021-10-05 15:26:11 [main] DEBUG:: url:: https://training.api.lab/ai/training/rest/v1/level2/ex-ex/1
2021-10-05 15:26:11 [main] DEBUG:: queryString:: nullValue1=a&nullvalue1=d
2021-10-05 15:26:11 [main] DEBUG:: queryItem:: nullValue1=a
2021-10-05 15:26:11 [main] DEBUG:: queryItem:: nullvalue1=d
2021-10-05 15:26:11 [main] DEBUG:: Exit :: getBaseString :: baseString : POST&https://training.api.lab/ai/training/rest/v1/level2/ex-ex/1&apex_l2_eg_app_id=training-3O9HWXNyVT0701KyJIZte787&apex_l2_eg_nonce=iypPgHH6z78Mu3GloCA=&apex_l2_eg_signature_method=SHA256withRSA&apex_l2_eg_timestamp=1536650955984&apex_l2_eg_version=1.0&nullValue1=a&nullvalue1=d 
2021-10-05 15:26:11 [main] DEBUG:: Enter :: getRSASignature :: baseString : POST&https://training.api.lab/ai/training/rest/v1/level2/ex-ex/1&apex_l2_eg_app_id=training-3O9HWXNyVT0701KyJIZte787&apex_l2_eg_nonce=iypPgHH6z78Mu3GloCA=&apex_l2_eg_signature_method=SHA256withRSA&apex_l2_eg_timestamp=1536650955984&apex_l2_eg_version=1.0&nullValue1=a&nullvalue1=d 
2021-10-05 15:26:11 [main] DEBUG:: encryptedData length:256
2021-10-05 15:26:11 [main] DEBUG:: Exit :: getRSASignature :: base64Token : g1keVLjv1tAOUDhSCkpr3pqdF4BRfb37rVUT1a92X4iOY1tmO4XLBrTKgX5TNOULOQ1QBUj6yDPfmARgw4HlHOVWUzYz5qWf7IsBD25nRJ4jDbS4DMuNmIFtmsZE/JYVedNeBACM5+eSN0a6sozfUoGJzdLHEEXeQbPyHWQtfMNAZXLXRIGXsTBrUNEtcztaIM6XJpxdNqV0AHD7EEwr+INEwn0yayLOHb0L+qoXv0xSH4YxPFDc/GyamZMbfVfQGSkQ8ZOro5rQ/iC/Sarpov3yu5rS12erPEqdLESZzKNdWP/tNujVyKJT1S4uISFVI1bSzfU8RbR34TArDwXjoA== 
2021-10-05 15:26:11 [main] DEBUG:: Exit :: getToken :: authorizationToken : Apex_l2_eg realm="https://training.api.lab", apex_l2_eg_app_id="training-3O9HWXNyVT0701KyJIZte787", apex_l2_eg_nonce="iypPgHH6z78Mu3GloCA=", apex_l2_eg_signature_method="SHA256withRSA", apex_l2_eg_timestamp="1536650955984", apex_l2_eg_version="1.0", apex_l2_eg_signature="g1keVLjv1tAOUDhSCkpr3pqdF4BRfb37rVUT1a92X4iOY1tmO4XLBrTKgX5TNOULOQ1QBUj6yDPfmARgw4HlHOVWUzYz5qWf7IsBD25nRJ4jDbS4DMuNmIFtmsZE/JYVedNeBACM5+eSN0a6sozfUoGJzdLHEEXeQbPyHWQtfMNAZXLXRIGXsTBrUNEtcztaIM6XJpxdNqV0AHD7EEwr+INEwn0yayLOHb0L+qoXv0xSH4YxPFDc/GyamZMbfVfQGSkQ8ZOro5rQ/iC/Sarpov3yu5rS12erPEqdLESZzKNdWP/tNujVyKJT1S4uISFVI1bSzfU8RbR34TArDwXjoA==" 
2021-10-05 15:26:11 [main] INFO :: Run :: RuntimeTestCase :: getSignatureToken :: expectedBaseString : Apex_l2_eg realm="apex.l2.test", apex_l2_eg_app_id="training-3O9HWXNyVT0701KyJIZte787", apex_l2_eg_nonce="iypPgHH6z78Mu3GloCA=", apex_l2_eg_signature_method="SHA256withRSA", apex_l2_eg_timestamp="1536650955984", apex_l2_eg_version="1.0", apex_l2_eg_signature="jp4Q2JyVWKlq0ruvD6RJvBrOs5P5b/XDCgrHNfAMOO23+P+A36fi5OFjP14gDqmf/pxwDEvmJuAX2T0oYfAHRzaCAeeh4kdfcYXINCFT/OIF+Xt+1ivTkOAP0IyIKVvQJSblQ4I57xJRGuMMNdR/cw/d9GGGVOpJ2abagP818VWk8QDsTzFG3piItKNRg+fko4VPxPK6UUvs6ce/yh0xh738y4eGM9wUBKAjQRsgz0QMx5u6i2S2dhhJ25EwjlD0q0oS2iAyAv2R7CRPz3rx3ZxptHP87Bg13N0PlMvVkPi+5KlGlGlM6Ty9h0ZvHpeCqjfwk5eblUqAQSX1I6UanA==" 
2021-10-05 15:26:11 [main] INFO :: Run :: RuntimeTestCase :: getSignatureToken :: signatureToken : Apex_l2_eg realm="https://training.api.lab", apex_l2_eg_app_id="training-3O9HWXNyVT0701KyJIZte787", apex_l2_eg_nonce="iypPgHH6z78Mu3GloCA=", apex_l2_eg_signature_method="SHA256withRSA", apex_l2_eg_timestamp="1536650955984", apex_l2_eg_version="1.0", apex_l2_eg_signature="g1keVLjv1tAOUDhSCkpr3pqdF4BRfb37rVUT1a92X4iOY1tmO4XLBrTKgX5TNOULOQ1QBUj6yDPfmARgw4HlHOVWUzYz5qWf7IsBD25nRJ4jDbS4DMuNmIFtmsZE/JYVedNeBACM5+eSN0a6sozfUoGJzdLHEEXeQbPyHWQtfMNAZXLXRIGXsTBrUNEtcztaIM6XJpxdNqV0AHD7EEwr+INEwn0yayLOHb0L+qoXv0xSH4YxPFDc/GyamZMbfVfQGSkQ8ZOro5rQ/iC/Sarpov3yu5rS12erPEqdLESZzKNdWP/tNujVyKJT1S4uISFVI1bSzfU8RbR34TArDwXjoA==" 
2021-10-05 15:26:11 [main] INFO :: ====================> Start :: RuntimeTestCase :: getSignatureToken :: testName : 7_getSignatureToken.json 
QUERYSTRING 
QUERYSTRING [nullValue1=z, aaParam=aaa]
FORMLIST ITEM z
FORMLIST ITEM aaa
FORMLIST
FORMLIST []
APILISTFORMDATA 
APILISTFORMDATA []
APP SECRET 
APP SECRET 
2021-10-05 15:26:11 [main] DEBUG:: Enter :: getPrivateKeyPEM :: privateKeyFileName : src/main/resources/test-suites/cert/alpha/training.alpha.apex.lab.nopass.pem 
2021-10-05 15:26:11 [main] DEBUG:: Exit :: getPrivateKeyPEM
2021-10-05 15:26:11 [main] DEBUG:: Enter :: getSignatureTokenV2 :: realm : {} , authPrefix  : {} , appId : {} , com.api.util.ApiSecurity.AuthParam@62ddbd7e
2021-10-05 15:26:11 [main] DEBUG:: Enter :: getBaseString :: authPrefix  : apex_l2_eg , signatureMethod : SHA256withRSA , appId : training-3O9HWXNyVT0701KyJIZte787 , urlPath : https://training.api.lab:443/ai/training/rest/v1/level2/ex-ex/1?nullValue1=a&nullvalue1=d , httpMethod : POST , nonce : iypPgHH6z78Mu3GloCA= , timestamp : %s , version : 1.0
2021-10-05 15:26:11 [main] DEBUG:: raw url:: https://training.api.lab:443/ai/training/rest/v1/level2/ex-ex/1?nullValue1=a&nullvalue1=d
2021-10-05 15:26:11 [main] DEBUG:: siteUri.getScheme():: https
2021-10-05 15:26:11 [main] DEBUG:: url:: https://training.api.lab/ai/training/rest/v1/level2/ex-ex/1
2021-10-05 15:26:11 [main] DEBUG:: queryString:: nullValue1=a&nullvalue1=d
2021-10-05 15:26:11 [main] DEBUG:: queryItem:: nullValue1=a
2021-10-05 15:26:11 [main] DEBUG:: queryItem:: nullvalue1=d
2021-10-05 15:26:11 [main] DEBUG:: Exit :: getBaseString :: baseString : POST&https://training.api.lab/ai/training/rest/v1/level2/ex-ex/1&apex_l2_eg_app_id=training-3O9HWXNyVT0701KyJIZte787&apex_l2_eg_nonce=iypPgHH6z78Mu3GloCA=&apex_l2_eg_signature_method=SHA256withRSA&apex_l2_eg_timestamp=%s&apex_l2_eg_version=1.0&nullValue1=a&nullvalue1=d 
2021-10-05 15:26:11 [main] DEBUG:: Enter :: getRSASignature :: baseString : POST&https://training.api.lab/ai/training/rest/v1/level2/ex-ex/1&apex_l2_eg_app_id=training-3O9HWXNyVT0701KyJIZte787&apex_l2_eg_nonce=iypPgHH6z78Mu3GloCA=&apex_l2_eg_signature_method=SHA256withRSA&apex_l2_eg_timestamp=%s&apex_l2_eg_version=1.0&nullValue1=a&nullvalue1=d 
2021-10-05 15:26:11 [main] DEBUG:: encryptedData length:256
2021-10-05 15:26:11 [main] DEBUG:: Exit :: getRSASignature :: base64Token : e/SEUZ1SQ83uerq56JlkfnIN56e1GwhpDJkjp353nIk3WMTFwjrE3I0dCER4Iz6Zjv5IAc0CrWr7cxGUnMoBTG9zRrPVPg7gnrPUii8p5kG99IeeQUWV2EaEM6of3og44h7SVkOPFBHxvI/vM3PaJjhIJSeTGV19gVplXdoz8XkjQw9mbXIaSSB+cvwbET23MKLgyUeWg5/uDcnBj/PQs2njApyX69+QGiBYN/pdcimQgGpZng21nC6phMOVcf+Uhl6GkGS7jHyREXQE1fC1uWtUFq/tGiGZoaf5m1V1tOuPQv6iHYQJ3hdcILYOUsg/7GafVG/eOGN525iDuBqpqg== 
2021-10-05 15:26:11 [main] DEBUG:: Exit :: getToken :: authorizationToken : Apex_l2_eg realm="https://training.api.lab", apex_l2_eg_app_id="training-3O9HWXNyVT0701KyJIZte787", apex_l2_eg_nonce="iypPgHH6z78Mu3GloCA=", apex_l2_eg_signature_method="SHA256withRSA", apex_l2_eg_timestamp="%s", apex_l2_eg_version="1.0", apex_l2_eg_signature="e/SEUZ1SQ83uerq56JlkfnIN56e1GwhpDJkjp353nIk3WMTFwjrE3I0dCER4Iz6Zjv5IAc0CrWr7cxGUnMoBTG9zRrPVPg7gnrPUii8p5kG99IeeQUWV2EaEM6of3og44h7SVkOPFBHxvI/vM3PaJjhIJSeTGV19gVplXdoz8XkjQw9mbXIaSSB+cvwbET23MKLgyUeWg5/uDcnBj/PQs2njApyX69+QGiBYN/pdcimQgGpZng21nC6phMOVcf+Uhl6GkGS7jHyREXQE1fC1uWtUFq/tGiGZoaf5m1V1tOuPQv6iHYQJ3hdcILYOUsg/7GafVG/eOGN525iDuBqpqg==" 
2021-10-05 15:26:11 [main] INFO :: Run :: RuntimeTestCase :: getSignatureToken :: expectedBaseString : Apex_l2_eg realm="apex.l2.test", apex_l2_eg_app_id="training-3O9HWXNyVT0701KyJIZte787", apex_l2_eg_nonce="iypPgHH6z78Mu3GloCA=", apex_l2_eg_signature_method="SHA256withRSA", apex_l2_eg_timestamp="%s", apex_l2_eg_version="1.0", apex_l2_eg_signature="%s" 
2021-10-05 15:26:11 [main] INFO :: Run :: RuntimeTestCase :: getSignatureToken :: signatureToken : Apex_l2_eg realm="https://training.api.lab", apex_l2_eg_app_id="training-3O9HWXNyVT0701KyJIZte787", apex_l2_eg_nonce="iypPgHH6z78Mu3GloCA=", apex_l2_eg_signature_method="SHA256withRSA", apex_l2_eg_timestamp="%s", apex_l2_eg_version="1.0", apex_l2_eg_signature="%s" 
2021-10-05 15:26:11 [main] INFO :: ====================> Start :: RuntimeTestCase :: getSignatureToken :: testName : 8_getSignatureToken.json 
QUERYSTRING 
QUERYSTRING [nullValue1=z, aaParam=aaa]
FORMLIST ITEM z
FORMLIST ITEM aaa
FORMLIST
FORMLIST []
APILISTFORMDATA 
APILISTFORMDATA []
APP SECRET 
APP SECRET 
2021-10-05 15:26:11 [main] DEBUG:: Enter :: getPrivateKeyPEM :: privateKeyFileName : src/main/resources/test-suites/cert/alpha/training.alpha.apex.lab.nopass.pem 
2021-10-05 15:26:11 [main] DEBUG:: Exit :: getPrivateKeyPEM
2021-10-05 15:26:11 [main] DEBUG:: Enter :: getSignatureTokenV2 :: realm : {} , authPrefix  : {} , appId : {} , com.api.util.ApiSecurity.AuthParam@1a677343
2021-10-05 15:26:11 [main] DEBUG:: Enter :: getBaseString :: authPrefix  : apex_l2_eg , signatureMethod : SHA256withRSA , appId : training-3O9HWXNyVT0701KyJIZte787 , urlPath : https://training.api.lab:443/ai/training/rest/v1/level2/ex-ex/1?nullValue1=a&nullvalue1=d , httpMethod : POST , nonce : %s , timestamp : 1536650955984 , version : 1.0
2021-10-05 15:26:11 [main] DEBUG:: raw url:: https://training.api.lab:443/ai/training/rest/v1/level2/ex-ex/1?nullValue1=a&nullvalue1=d
2021-10-05 15:26:11 [main] DEBUG:: siteUri.getScheme():: https
2021-10-05 15:26:11 [main] DEBUG:: url:: https://training.api.lab/ai/training/rest/v1/level2/ex-ex/1
2021-10-05 15:26:11 [main] DEBUG:: queryString:: nullValue1=a&nullvalue1=d
2021-10-05 15:26:11 [main] DEBUG:: queryItem:: nullValue1=a
2021-10-05 15:26:11 [main] DEBUG:: queryItem:: nullvalue1=d
2021-10-05 15:26:11 [main] DEBUG:: Exit :: getBaseString :: baseString : POST&https://training.api.lab/ai/training/rest/v1/level2/ex-ex/1&apex_l2_eg_app_id=training-3O9HWXNyVT0701KyJIZte787&apex_l2_eg_nonce=%s&apex_l2_eg_signature_method=SHA256withRSA&apex_l2_eg_timestamp=1536650955984&apex_l2_eg_version=1.0&nullValue1=a&nullvalue1=d 
2021-10-05 15:26:11 [main] DEBUG:: Enter :: getRSASignature :: baseString : POST&https://training.api.lab/ai/training/rest/v1/level2/ex-ex/1&apex_l2_eg_app_id=training-3O9HWXNyVT0701KyJIZte787&apex_l2_eg_nonce=%s&apex_l2_eg_signature_method=SHA256withRSA&apex_l2_eg_timestamp=1536650955984&apex_l2_eg_version=1.0&nullValue1=a&nullvalue1=d 
2021-10-05 15:26:11 [main] DEBUG:: encryptedData length:256
2021-10-05 15:26:11 [main] DEBUG:: Exit :: getRSASignature :: base64Token : bRCQXVlcF57ksbXGxg0Fz899sAVMoyC6p0+Cnj562Hm8wz/sa8rBx2FQBXiakUREq66JCUPtL1gCubcC/t4TwSp6gHO6X+VqpZN8OUYEWhh12tHl8tqtJlSiYOnkMiOEZ4RW2WZ4iHdqx/GwiIgG57FsZE3V6tKvyDq5Gq13vLheqjvl5xzfH6CeRMGMryVDT0Soei6mQunK2Hpj0cm771JXC0c33jVN7TCB0O6ntSD3CL9GHJBrX1M26aEHwauyMvV9CSc6Z9+h8v6bF6abnTqmXO/yGGMS+RXKMg6ofvLRsEUVLKfj+2Z0wFN4W8dgOYg5eSbQJEfkdTALDESUYw== 
2021-10-05 15:26:11 [main] DEBUG:: Exit :: getToken :: authorizationToken : Apex_l2_eg realm="https://training.api.lab", apex_l2_eg_app_id="training-3O9HWXNyVT0701KyJIZte787", apex_l2_eg_nonce="%s", apex_l2_eg_signature_method="SHA256withRSA", apex_l2_eg_timestamp="1536650955984", apex_l2_eg_version="1.0", apex_l2_eg_signature="bRCQXVlcF57ksbXGxg0Fz899sAVMoyC6p0+Cnj562Hm8wz/sa8rBx2FQBXiakUREq66JCUPtL1gCubcC/t4TwSp6gHO6X+VqpZN8OUYEWhh12tHl8tqtJlSiYOnkMiOEZ4RW2WZ4iHdqx/GwiIgG57FsZE3V6tKvyDq5Gq13vLheqjvl5xzfH6CeRMGMryVDT0Soei6mQunK2Hpj0cm771JXC0c33jVN7TCB0O6ntSD3CL9GHJBrX1M26aEHwauyMvV9CSc6Z9+h8v6bF6abnTqmXO/yGGMS+RXKMg6ofvLRsEUVLKfj+2Z0wFN4W8dgOYg5eSbQJEfkdTALDESUYw==" 
2021-10-05 15:26:11 [main] INFO :: Run :: RuntimeTestCase :: getSignatureToken :: expectedBaseString : Apex_l2_eg realm="apex.l2.test", apex_l2_eg_app_id="training-3O9HWXNyVT0701KyJIZte787", apex_l2_eg_nonce="%s", apex_l2_eg_signature_method="SHA256withRSA", apex_l2_eg_timestamp="1536650955984", apex_l2_eg_version="1.0", apex_l2_eg_signature="%s" 
2021-10-05 15:26:11 [main] INFO :: Run :: RuntimeTestCase :: getSignatureToken :: signatureToken : Apex_l2_eg realm="https://training.api.lab", apex_l2_eg_app_id="training-3O9HWXNyVT0701KyJIZte787", apex_l2_eg_nonce="%s", apex_l2_eg_signature_method="SHA256withRSA", apex_l2_eg_timestamp="1536650955984", apex_l2_eg_version="1.0", apex_l2_eg_signature="%s" 
2021-10-05 15:26:11 [main] INFO :: ====================> Start :: RuntimeTestCase :: getSignatureToken :: testName : 9_getSignatureToken.json 
QUERYSTRING 
QUERYSTRING [nullValue1=z, aaParam=aaa]
FORMLIST ITEM z
FORMLIST ITEM aaa
FORMLIST
FORMLIST []
APILISTFORMDATA 
APILISTFORMDATA []
APP SECRET 
APP SECRET 
2021-10-05 15:26:11 [main] DEBUG:: Enter :: getPrivateKeyPEM :: privateKeyFileName : src/main/resources/test-suites/cert/alpha/training.alpha.apex.lab.nopass.pem 
2021-10-05 15:26:11 [main] DEBUG:: Exit :: getPrivateKeyPEM
2021-10-05 15:26:11 [main] DEBUG:: Enter :: getSignatureTokenV2 :: realm : {} , authPrefix  : {} , appId : {} , com.api.util.ApiSecurity.AuthParam@3857f613
2021-10-05 15:26:11 [main] DEBUG:: Enter :: getBaseString :: authPrefix  : apex_l2_eg , signatureMethod : SHA256withRSA , appId : training-3O9HWXNyVT0701KyJIZte787 , urlPath : https://training.api.lab:443/ai/training/rest/v1/level2/ex-ex/1?nullValue1=a&nullvalue1=d , httpMethod : POST , nonce : %s , timestamp : %s , version : 1.0
2021-10-05 15:26:11 [main] DEBUG:: raw url:: https://training.api.lab:443/ai/training/rest/v1/level2/ex-ex/1?nullValue1=a&nullvalue1=d
2021-10-05 15:26:11 [main] DEBUG:: siteUri.getScheme():: https
2021-10-05 15:26:11 [main] DEBUG:: url:: https://training.api.lab/ai/training/rest/v1/level2/ex-ex/1
2021-10-05 15:26:11 [main] DEBUG:: queryString:: nullValue1=a&nullvalue1=d
2021-10-05 15:26:11 [main] DEBUG:: queryItem:: nullValue1=a
2021-10-05 15:26:11 [main] DEBUG:: queryItem:: nullvalue1=d
2021-10-05 15:26:11 [main] DEBUG:: Exit :: getBaseString :: baseString : POST&https://training.api.lab/ai/training/rest/v1/level2/ex-ex/1&apex_l2_eg_app_id=training-3O9HWXNyVT0701KyJIZte787&apex_l2_eg_nonce=%s&apex_l2_eg_signature_method=SHA256withRSA&apex_l2_eg_timestamp=%s&apex_l2_eg_version=1.0&nullValue1=a&nullvalue1=d 
2021-10-05 15:26:11 [main] DEBUG:: Enter :: getRSASignature :: baseString : POST&https://training.api.lab/ai/training/rest/v1/level2/ex-ex/1&apex_l2_eg_app_id=training-3O9HWXNyVT0701KyJIZte787&apex_l2_eg_nonce=%s&apex_l2_eg_signature_method=SHA256withRSA&apex_l2_eg_timestamp=%s&apex_l2_eg_version=1.0&nullValue1=a&nullvalue1=d 
2021-10-05 15:26:11 [main] DEBUG:: encryptedData length:256
2021-10-05 15:26:11 [main] DEBUG:: Exit :: getRSASignature :: base64Token : B2dJe/0eW+hAD+RdbAeAGYuUEXlPo6RPMRHDwuO06qE16rfzkcoyggU5Vhauol6pHmL5m9ApbimFWxBVCSeyOtOUd69ZVs0X6uZs5H6ybuszqvXfAuDWF8NMl56j9Ktspl/3ozLD91KuwllIU1Jk7hiTBvK9Ku0znitX8F9eVA+SYHVoaVJP8rk7/98tN/gDJQi1bMjfI1blFYfD4JHSxr8xr55PIVTM68MYDKg8Bmpajuu0uDNV4UCYenbV5/NBDEc4YaA0DXFcBwZDSiCYc/GLHpGBw7kwq3oqYyOhOWBUxBWiS7wHhFDQNvyYiwDnNAnYn54SHtKMaEqppSzxAQ== 
2021-10-05 15:26:11 [main] DEBUG:: Exit :: getToken :: authorizationToken : Apex_l2_eg realm="https://training.api.lab", apex_l2_eg_app_id="training-3O9HWXNyVT0701KyJIZte787", apex_l2_eg_nonce="%s", apex_l2_eg_signature_method="SHA256withRSA", apex_l2_eg_timestamp="%s", apex_l2_eg_version="1.0", apex_l2_eg_signature="B2dJe/0eW+hAD+RdbAeAGYuUEXlPo6RPMRHDwuO06qE16rfzkcoyggU5Vhauol6pHmL5m9ApbimFWxBVCSeyOtOUd69ZVs0X6uZs5H6ybuszqvXfAuDWF8NMl56j9Ktspl/3ozLD91KuwllIU1Jk7hiTBvK9Ku0znitX8F9eVA+SYHVoaVJP8rk7/98tN/gDJQi1bMjfI1blFYfD4JHSxr8xr55PIVTM68MYDKg8Bmpajuu0uDNV4UCYenbV5/NBDEc4YaA0DXFcBwZDSiCYc/GLHpGBw7kwq3oqYyOhOWBUxBWiS7wHhFDQNvyYiwDnNAnYn54SHtKMaEqppSzxAQ==" 
2021-10-05 15:26:11 [main] INFO :: Run :: RuntimeTestCase :: getSignatureToken :: expectedBaseString : Apex_l2_eg realm="apex.l2.test", apex_l2_eg_app_id="training-3O9HWXNyVT0701KyJIZte787", apex_l2_eg_nonce="%s", apex_l2_eg_signature_method="SHA256withRSA", apex_l2_eg_timestamp="%s", apex_l2_eg_version="1.0", apex_l2_eg_signature="%s" 
2021-10-05 15:26:11 [main] INFO :: Run :: RuntimeTestCase :: getSignatureToken :: signatureToken : Apex_l2_eg realm="https://training.api.lab", apex_l2_eg_app_id="training-3O9HWXNyVT0701KyJIZte787", apex_l2_eg_nonce="%s", apex_l2_eg_signature_method="SHA256withRSA", apex_l2_eg_timestamp="%s", apex_l2_eg_version="1.0", apex_l2_eg_signature="%s" 
2021-10-05 15:26:11 [main] INFO :: ====================> Start :: RuntimeTestCase :: getSignatureToken :: testName : 10_getSignatureToken.json 
QUERYSTRING 
2021-10-05 15:26:11 [main] ERROR:: ErrorTest :: RuntimeTestCase :: getSignatureToken :: testName : 10_getSignatureToken.json 
2021-10-05 15:26:11 [main] ERROR:: Error message: null
2021-10-05 15:26:11 [main] INFO :: ====================> Start :: RuntimeTestCase :: getSignatureToken :: testName : 11_getSignatureToken.json 
QUERYSTRING 
2021-10-05 15:26:11 [main] ERROR:: Exception :: RuntimeTestCase :: getSignatureToken :: testName : 11_getSignatureToken.json 
java.lang.NullPointerException
	at com.api.util.testframework.RuntimeTestCase.getSignatureToken(RuntimeTestCase.java:284)
	at com.api.util.testframework.RuntimeTestCase.getSignatureToken(RuntimeTestCase.java:208)
	at sun.reflect.NativeMethodAccessorImpl.invoke0(Native Method)
	at sun.reflect.NativeMethodAccessorImpl.invoke(NativeMethodAccessorImpl.java:62)
	at sun.reflect.DelegatingMethodAccessorImpl.invoke(DelegatingMethodAccessorImpl.java:43)
	at java.lang.reflect.Method.invoke(Method.java:498)
	at org.junit.runners.model.FrameworkMethod$1.runReflectiveCall(FrameworkMethod.java:50)
	at org.junit.internal.runners.model.ReflectiveCallable.run(ReflectiveCallable.java:12)
	at org.junit.runners.model.FrameworkMethod.invokeExplosively(FrameworkMethod.java:47)
	at com.api.util.testframework.JUnitFrameworkFactory.invokeExplosively(JUnitFrameworkFactory.java:28)
	at org.junit.internal.runners.statements.InvokeMethod.evaluate(InvokeMethod.java:17)
	at org.junit.runners.ParentRunner.runLeaf(ParentRunner.java:325)
	at org.junit.runners.BlockJUnit4ClassRunner.runChild(BlockJUnit4ClassRunner.java:78)
	at org.junit.runners.BlockJUnit4ClassRunner.runChild(BlockJUnit4ClassRunner.java:57)
	at org.junit.runners.ParentRunner$3.run(ParentRunner.java:290)
	at org.junit.runners.ParentRunner$1.schedule(ParentRunner.java:71)
	at org.junit.runners.ParentRunner.runChildren(ParentRunner.java:288)
	at org.junit.runners.ParentRunner.access$000(ParentRunner.java:58)
	at org.junit.runners.ParentRunner$2.evaluate(ParentRunner.java:268)
	at org.junit.runners.ParentRunner.run(ParentRunner.java:363)
	at org.apache.maven.surefire.junit4.JUnit4Provider.execute(JUnit4Provider.java:252)
	at org.apache.maven.surefire.junit4.JUnit4Provider.executeTestSet(JUnit4Provider.java:141)
	at org.apache.maven.surefire.junit4.JUnit4Provider.invoke(JUnit4Provider.java:112)
	at sun.reflect.NativeMethodAccessorImpl.invoke0(Native Method)
	at sun.reflect.NativeMethodAccessorImpl.invoke(NativeMethodAccessorImpl.java:62)
	at sun.reflect.DelegatingMethodAccessorImpl.invoke(DelegatingMethodAccessorImpl.java:43)
	at java.lang.reflect.Method.invoke(Method.java:498)
	at org.apache.maven.surefire.util.ReflectionUtils.invokeMethodWithArray(ReflectionUtils.java:189)
	at org.apache.maven.surefire.booter.ProviderFactory$ProviderProxy.invoke(ProviderFactory.java:165)
	at org.apache.maven.surefire.booter.ProviderFactory.invokeProvider(ProviderFactory.java:85)
	at org.apache.maven.surefire.booter.ForkedBooter.runSuitesInProcess(ForkedBooter.java:115)
	at org.apache.maven.surefire.booter.ForkedBooter.main(ForkedBooter.java:75)
Tests run: 11, Failures: 11, Errors: 0, Skipped: 0, Time elapsed: 0.927 sec <<< FAILURE!
tests=RuntimeTestCase.getSignatureToken[com.api.util.testframework.RuntimeTestCase@57f23557](com.api.util.ApiSecurity.ApiSecurityTest)  Time elapsed: 0.259 sec  <<< FAILURE!
org.junit.ComparisonFailure: expected:<...ex_l1_eg_signature="[15F82gImU+m+lHLjErxOcAAvdWTcYnHk3nHfXqw5D70]="> but was:<...ex_l1_eg_signature="[nL5RYWSdyDXk9p5h4DLytyQ9uw5d1wAHe7o2r7enx18]=">
	at org.junit.Assert.assertEquals(Assert.java:115)
	at org.junit.Assert.assertEquals(Assert.java:144)
	at com.api.util.testframework.RuntimeTestCase.getSignatureToken(RuntimeTestCase.java:212)
	at sun.reflect.NativeMethodAccessorImpl.invoke0(Native Method)
	at sun.reflect.NativeMethodAccessorImpl.invoke(NativeMethodAccessorImpl.java:62)
	at sun.reflect.DelegatingMethodAccessorImpl.invoke(DelegatingMethodAccessorImpl.java:43)
	at java.lang.reflect.Method.invoke(Method.java:498)
	at org.junit.runners.model.FrameworkMethod$1.runReflectiveCall(FrameworkMethod.java:50)
	at org.junit.internal.runners.model.ReflectiveCallable.run(ReflectiveCallable.java:12)
	at org.junit.runners.model.FrameworkMethod.invokeExplosively(FrameworkMethod.java:47)
	at com.api.util.testframework.JUnitFrameworkFactory.invokeExplosively(JUnitFrameworkFactory.java:28)
	at org.junit.internal.runners.statements.InvokeMethod.evaluate(InvokeMethod.java:17)
	at org.junit.runners.ParentRunner.runLeaf(ParentRunner.java:325)
	at org.junit.runners.BlockJUnit4ClassRunner.runChild(BlockJUnit4ClassRunner.java:78)
	at org.junit.runners.BlockJUnit4ClassRunner.runChild(BlockJUnit4ClassRunner.java:57)
	at org.junit.runners.ParentRunner$3.run(ParentRunner.java:290)
	at org.junit.runners.ParentRunner$1.schedule(ParentRunner.java:71)
	at org.junit.runners.ParentRunner.runChildren(ParentRunner.java:288)
	at org.junit.runners.ParentRunner.access$000(ParentRunner.java:58)
	at org.junit.runners.ParentRunner$2.evaluate(ParentRunner.java:268)
	at org.junit.runners.ParentRunner.run(ParentRunner.java:363)
	at org.apache.maven.surefire.junit4.JUnit4Provider.execute(JUnit4Provider.java:252)
	at org.apache.maven.surefire.junit4.JUnit4Provider.executeTestSet(JUnit4Provider.java:141)
	at org.apache.maven.surefire.junit4.JUnit4Provider.invoke(JUnit4Provider.java:112)
	at sun.reflect.NativeMethodAccessorImpl.invoke0(Native Method)
	at sun.reflect.NativeMethodAccessorImpl.invoke(NativeMethodAccessorImpl.java:62)
	at sun.reflect.DelegatingMethodAccessorImpl.invoke(DelegatingMethodAccessorImpl.java:43)
	at java.lang.reflect.Method.invoke(Method.java:498)
	at org.apache.maven.surefire.util.ReflectionUtils.invokeMethodWithArray(ReflectionUtils.java:189)
	at org.apache.maven.surefire.booter.ProviderFactory$ProviderProxy.invoke(ProviderFactory.java:165)
	at org.apache.maven.surefire.booter.ProviderFactory.invokeProvider(ProviderFactory.java:85)
	at org.apache.maven.surefire.booter.ForkedBooter.runSuitesInProcess(ForkedBooter.java:115)
	at org.apache.maven.surefire.booter.ForkedBooter.main(ForkedBooter.java:75)

tests=RuntimeTestCase.getSignatureToken[com.api.util.testframework.RuntimeTestCase@57f23557](com.api.util.ApiSecurity.ApiSecurityTest)  Time elapsed: 0.003 sec  <<< FAILURE!
java.lang.AssertionError: Not Expecting ApiUtilException error.
	at org.junit.Assert.fail(Assert.java:88)
	at com.api.util.testframework.RuntimeTestCase.getSignatureToken(RuntimeTestCase.java:220)
	at sun.reflect.NativeMethodAccessorImpl.invoke0(Native Method)
	at sun.reflect.NativeMethodAccessorImpl.invoke(NativeMethodAccessorImpl.java:62)
	at sun.reflect.DelegatingMethodAccessorImpl.invoke(DelegatingMethodAccessorImpl.java:43)
	at java.lang.reflect.Method.invoke(Method.java:498)
	at org.junit.runners.model.FrameworkMethod$1.runReflectiveCall(FrameworkMethod.java:50)
	at org.junit.internal.runners.model.ReflectiveCallable.run(ReflectiveCallable.java:12)
	at org.junit.runners.model.FrameworkMethod.invokeExplosively(FrameworkMethod.java:47)
	at com.api.util.testframework.JUnitFrameworkFactory.invokeExplosively(JUnitFrameworkFactory.java:28)
	at org.junit.internal.runners.statements.InvokeMethod.evaluate(InvokeMethod.java:17)
	at org.junit.runners.ParentRunner.runLeaf(ParentRunner.java:325)
	at org.junit.runners.BlockJUnit4ClassRunner.runChild(BlockJUnit4ClassRunner.java:78)
	at org.junit.runners.BlockJUnit4ClassRunner.runChild(BlockJUnit4ClassRunner.java:57)
	at org.junit.runners.ParentRunner$3.run(ParentRunner.java:290)
	at org.junit.runners.ParentRunner$1.schedule(ParentRunner.java:71)
	at org.junit.runners.ParentRunner.runChildren(ParentRunner.java:288)
	at org.junit.runners.ParentRunner.access$000(ParentRunner.java:58)
	at org.junit.runners.ParentRunner$2.evaluate(ParentRunner.java:268)
	at org.junit.runners.ParentRunner.run(ParentRunner.java:363)
	at org.apache.maven.surefire.junit4.JUnit4Provider.execute(JUnit4Provider.java:252)
	at org.apache.maven.surefire.junit4.JUnit4Provider.executeTestSet(JUnit4Provider.java:141)
	at org.apache.maven.surefire.junit4.JUnit4Provider.invoke(JUnit4Provider.java:112)
	at sun.reflect.NativeMethodAccessorImpl.invoke0(Native Method)
	at sun.reflect.NativeMethodAccessorImpl.invoke(NativeMethodAccessorImpl.java:62)
	at sun.reflect.DelegatingMethodAccessorImpl.invoke(DelegatingMethodAccessorImpl.java:43)
	at java.lang.reflect.Method.invoke(Method.java:498)
	at org.apache.maven.surefire.util.ReflectionUtils.invokeMethodWithArray(ReflectionUtils.java:189)
	at org.apache.maven.surefire.booter.ProviderFactory$ProviderProxy.invoke(ProviderFactory.java:165)
	at org.apache.maven.surefire.booter.ProviderFactory.invokeProvider(ProviderFactory.java:85)
	at org.apache.maven.surefire.booter.ForkedBooter.runSuitesInProcess(ForkedBooter.java:115)
	at org.apache.maven.surefire.booter.ForkedBooter.main(ForkedBooter.java:75)

tests=RuntimeTestCase.getSignatureToken[com.api.util.testframework.RuntimeTestCase@57f23557](com.api.util.ApiSecurity.ApiSecurityTest)  Time elapsed: 0.003 sec  <<< FAILURE!
java.lang.AssertionError: Not Expecting ApiUtilException error.
	at org.junit.Assert.fail(Assert.java:88)
	at com.api.util.testframework.RuntimeTestCase.getSignatureToken(RuntimeTestCase.java:220)
	at sun.reflect.NativeMethodAccessorImpl.invoke0(Native Method)
	at sun.reflect.NativeMethodAccessorImpl.invoke(NativeMethodAccessorImpl.java:62)
	at sun.reflect.DelegatingMethodAccessorImpl.invoke(DelegatingMethodAccessorImpl.java:43)
	at java.lang.reflect.Method.invoke(Method.java:498)
	at org.junit.runners.model.FrameworkMethod$1.runReflectiveCall(FrameworkMethod.java:50)
	at org.junit.internal.runners.model.ReflectiveCallable.run(ReflectiveCallable.java:12)
	at org.junit.runners.model.FrameworkMethod.invokeExplosively(FrameworkMethod.java:47)
	at com.api.util.testframework.JUnitFrameworkFactory.invokeExplosively(JUnitFrameworkFactory.java:28)
	at org.junit.internal.runners.statements.InvokeMethod.evaluate(InvokeMethod.java:17)
	at org.junit.runners.ParentRunner.runLeaf(ParentRunner.java:325)
	at org.junit.runners.BlockJUnit4ClassRunner.runChild(BlockJUnit4ClassRunner.java:78)
	at org.junit.runners.BlockJUnit4ClassRunner.runChild(BlockJUnit4ClassRunner.java:57)
	at org.junit.runners.ParentRunner$3.run(ParentRunner.java:290)
	at org.junit.runners.ParentRunner$1.schedule(ParentRunner.java:71)
	at org.junit.runners.ParentRunner.runChildren(ParentRunner.java:288)
	at org.junit.runners.ParentRunner.access$000(ParentRunner.java:58)
	at org.junit.runners.ParentRunner$2.evaluate(ParentRunner.java:268)
	at org.junit.runners.ParentRunner.run(ParentRunner.java:363)
	at org.apache.maven.surefire.junit4.JUnit4Provider.execute(JUnit4Provider.java:252)
	at org.apache.maven.surefire.junit4.JUnit4Provider.executeTestSet(JUnit4Provider.java:141)
	at org.apache.maven.surefire.junit4.JUnit4Provider.invoke(JUnit4Provider.java:112)
	at sun.reflect.NativeMethodAccessorImpl.invoke0(Native Method)
	at sun.reflect.NativeMethodAccessorImpl.invoke(NativeMethodAccessorImpl.java:62)
	at sun.reflect.DelegatingMethodAccessorImpl.invoke(DelegatingMethodAccessorImpl.java:43)
	at java.lang.reflect.Method.invoke(Method.java:498)
	at org.apache.maven.surefire.util.ReflectionUtils.invokeMethodWithArray(ReflectionUtils.java:189)
	at org.apache.maven.surefire.booter.ProviderFactory$ProviderProxy.invoke(ProviderFactory.java:165)
	at org.apache.maven.surefire.booter.ProviderFactory.invokeProvider(ProviderFactory.java:85)
	at org.apache.maven.surefire.booter.ForkedBooter.runSuitesInProcess(ForkedBooter.java:115)
	at org.apache.maven.surefire.booter.ForkedBooter.main(ForkedBooter.java:75)

tests=RuntimeTestCase.getSignatureToken[com.api.util.testframework.RuntimeTestCase@57f23557](com.api.util.ApiSecurity.ApiSecurityTest)  Time elapsed: 0.001 sec  <<< FAILURE!
java.lang.AssertionError: Not Expecting ApiUtilException error.
	at org.junit.Assert.fail(Assert.java:88)
	at com.api.util.testframework.RuntimeTestCase.getSignatureToken(RuntimeTestCase.java:220)
	at sun.reflect.NativeMethodAccessorImpl.invoke0(Native Method)
	at sun.reflect.NativeMethodAccessorImpl.invoke(NativeMethodAccessorImpl.java:62)
	at sun.reflect.DelegatingMethodAccessorImpl.invoke(DelegatingMethodAccessorImpl.java:43)
	at java.lang.reflect.Method.invoke(Method.java:498)
	at org.junit.runners.model.FrameworkMethod$1.runReflectiveCall(FrameworkMethod.java:50)
	at org.junit.internal.runners.model.ReflectiveCallable.run(ReflectiveCallable.java:12)
	at org.junit.runners.model.FrameworkMethod.invokeExplosively(FrameworkMethod.java:47)
	at com.api.util.testframework.JUnitFrameworkFactory.invokeExplosively(JUnitFrameworkFactory.java:28)
	at org.junit.internal.runners.statements.InvokeMethod.evaluate(InvokeMethod.java:17)
	at org.junit.runners.ParentRunner.runLeaf(ParentRunner.java:325)
	at org.junit.runners.BlockJUnit4ClassRunner.runChild(BlockJUnit4ClassRunner.java:78)
	at org.junit.runners.BlockJUnit4ClassRunner.runChild(BlockJUnit4ClassRunner.java:57)
	at org.junit.runners.ParentRunner$3.run(ParentRunner.java:290)
	at org.junit.runners.ParentRunner$1.schedule(ParentRunner.java:71)
	at org.junit.runners.ParentRunner.runChildren(ParentRunner.java:288)
	at org.junit.runners.ParentRunner.access$000(ParentRunner.java:58)
	at org.junit.runners.ParentRunner$2.evaluate(ParentRunner.java:268)
	at org.junit.runners.ParentRunner.run(ParentRunner.java:363)
	at org.apache.maven.surefire.junit4.JUnit4Provider.execute(JUnit4Provider.java:252)
	at org.apache.maven.surefire.junit4.JUnit4Provider.executeTestSet(JUnit4Provider.java:141)
	at org.apache.maven.surefire.junit4.JUnit4Provider.invoke(JUnit4Provider.java:112)
	at sun.reflect.NativeMethodAccessorImpl.invoke0(Native Method)
	at sun.reflect.NativeMethodAccessorImpl.invoke(NativeMethodAccessorImpl.java:62)
	at sun.reflect.DelegatingMethodAccessorImpl.invoke(DelegatingMethodAccessorImpl.java:43)
	at java.lang.reflect.Method.invoke(Method.java:498)
	at org.apache.maven.surefire.util.ReflectionUtils.invokeMethodWithArray(ReflectionUtils.java:189)
	at org.apache.maven.surefire.booter.ProviderFactory$ProviderProxy.invoke(ProviderFactory.java:165)
	at org.apache.maven.surefire.booter.ProviderFactory.invokeProvider(ProviderFactory.java:85)
	at org.apache.maven.surefire.booter.ForkedBooter.runSuitesInProcess(ForkedBooter.java:115)
	at org.apache.maven.surefire.booter.ForkedBooter.main(ForkedBooter.java:75)

tests=RuntimeTestCase.getSignatureToken[com.api.util.testframework.RuntimeTestCase@57f23557](com.api.util.ApiSecurity.ApiSecurityTest)  Time elapsed: 0.199 sec  <<< FAILURE!
org.junit.ComparisonFailure: expected:<Apex_l2_eg realm="[apex.l2.test", apex_l2_eg_app_id="training-3O9HWXNyVT0701KyJIZte787", apex_l2_eg_nonce="iypPgHH6z78Mu3GloCA=", apex_l2_eg_signature_method="SHA256withRSA", apex_l2_eg_timestamp="1536650955984", apex_l2_eg_version="1.0", apex_l2_eg_signature="LiEf7Mwxac/2PI20eV3kAUPf62AIYVeyiKEyItH+UL6vTGk4L3iULgKYxkrZWjv6PXIth7NHKKNPdsQfl7nFrxCauE4QbDpiYYxrQN5QZ6xJLTqCUVbpJH7Cr6Cnxo9eUOttRykcpquuVW2IJ8xdfKYRmmjkHONAAWogliwILI2Q3UR4Ki+4KuXkoz1tzO5zpznhvv8k9LgloKtx/2gd+hLAMqOQRpuJ3cXBomIEA7NjarC8gmm49wl+x5Z4vN0KIuOOmvh0IkVHGRPAtDn3o7f2LV8a8K2uO4KD8xVY1q/OiDeQAsZGvMv+5x2b8BZ0ZL8iOajGIvyO2RNfFPy1OQ]=="> but was:<Apex_l2_eg realm="[https://training.api.lab", apex_l2_eg_app_id="training-3O9HWXNyVT0701KyJIZte787", apex_l2_eg_nonce="iypPgHH6z78Mu3GloCA=", apex_l2_eg_signature_method="SHA256withRSA", apex_l2_eg_timestamp="1536650955984", apex_l2_eg_version="1.0", apex_l2_eg_signature="Cs6oF2hrJ2UjCklCEYifzNcmFruMtwMxACwEtuuhHL2ZHjvaaLqCgBAREXUMicWhE7zjNbJQemxJULesYhNTV0B03kq1knwn1RnQLFZXA9ekl1Vl1cV+tm33B/OL10EdhUTErTiN7knzcxH4571L67rZ84jHDBu/WoUmD62soUmURpKkGTGqcB29Evgx1m/8vX66qU3gS/TKJzevx43xBxAhhuKT0ijkZWwOICsmwh0PzcY/R9MF3v5aLNdMx0GMxl3Wim8mekNiUXedXKtl4/zZ9tJAGVa/yph5yrj466iGVRWIZcDSr8q7uLQdh1VIsOwioW3DKVoXK8WKW7Tl8g]==">
	at org.junit.Assert.assertEquals(Assert.java:115)
	at org.junit.Assert.assertEquals(Assert.java:144)
	at com.api.util.testframework.RuntimeTestCase.getSignatureToken(RuntimeTestCase.java:212)
	at sun.reflect.NativeMethodAccessorImpl.invoke0(Native Method)
	at sun.reflect.NativeMethodAccessorImpl.invoke(NativeMethodAccessorImpl.java:62)
	at sun.reflect.DelegatingMethodAccessorImpl.invoke(DelegatingMethodAccessorImpl.java:43)
	at java.lang.reflect.Method.invoke(Method.java:498)
	at org.junit.runners.model.FrameworkMethod$1.runReflectiveCall(FrameworkMethod.java:50)
	at org.junit.internal.runners.model.ReflectiveCallable.run(ReflectiveCallable.java:12)
	at org.junit.runners.model.FrameworkMethod.invokeExplosively(FrameworkMethod.java:47)
	at com.api.util.testframework.JUnitFrameworkFactory.invokeExplosively(JUnitFrameworkFactory.java:28)
	at org.junit.internal.runners.statements.InvokeMethod.evaluate(InvokeMethod.java:17)
	at org.junit.runners.ParentRunner.runLeaf(ParentRunner.java:325)
	at org.junit.runners.BlockJUnit4ClassRunner.runChild(BlockJUnit4ClassRunner.java:78)
	at org.junit.runners.BlockJUnit4ClassRunner.runChild(BlockJUnit4ClassRunner.java:57)
	at org.junit.runners.ParentRunner$3.run(ParentRunner.java:290)
	at org.junit.runners.ParentRunner$1.schedule(ParentRunner.java:71)
	at org.junit.runners.ParentRunner.runChildren(ParentRunner.java:288)
	at org.junit.runners.ParentRunner.access$000(ParentRunner.java:58)
	at org.junit.runners.ParentRunner$2.evaluate(ParentRunner.java:268)
	at org.junit.runners.ParentRunner.run(ParentRunner.java:363)
	at org.apache.maven.surefire.junit4.JUnit4Provider.execute(JUnit4Provider.java:252)
	at org.apache.maven.surefire.junit4.JUnit4Provider.executeTestSet(JUnit4Provider.java:141)
	at org.apache.maven.surefire.junit4.JUnit4Provider.invoke(JUnit4Provider.java:112)
	at sun.reflect.NativeMethodAccessorImpl.invoke0(Native Method)
	at sun.reflect.NativeMethodAccessorImpl.invoke(NativeMethodAccessorImpl.java:62)
	at sun.reflect.DelegatingMethodAccessorImpl.invoke(DelegatingMethodAccessorImpl.java:43)
	at java.lang.reflect.Method.invoke(Method.java:498)
	at org.apache.maven.surefire.util.ReflectionUtils.invokeMethodWithArray(ReflectionUtils.java:189)
	at org.apache.maven.surefire.booter.ProviderFactory$ProviderProxy.invoke(ProviderFactory.java:165)
	at org.apache.maven.surefire.booter.ProviderFactory.invokeProvider(ProviderFactory.java:85)
	at org.apache.maven.surefire.booter.ForkedBooter.runSuitesInProcess(ForkedBooter.java:115)
	at org.apache.maven.surefire.booter.ForkedBooter.main(ForkedBooter.java:75)

tests=RuntimeTestCase.getSignatureToken[com.api.util.testframework.RuntimeTestCase@57f23557](com.api.util.ApiSecurity.ApiSecurityTest)  Time elapsed: 0.015 sec  <<< FAILURE!
org.junit.ComparisonFailure: expected:<Apex_l2_eg realm="[apex.l2.test", apex_l2_eg_app_id="training-3O9HWXNyVT0701KyJIZte787", apex_l2_eg_nonce="iypPgHH6z78Mu3GloCA=", apex_l2_eg_signature_method="SHA256withRSA", apex_l2_eg_timestamp="1536650955984", apex_l2_eg_version="1.0", apex_l2_eg_signature="jp4Q2JyVWKlq0ruvD6RJvBrOs5P5b/XDCgrHNfAMOO23+P+A36fi5OFjP14gDqmf/pxwDEvmJuAX2T0oYfAHRzaCAeeh4kdfcYXINCFT/OIF+Xt+1ivTkOAP0IyIKVvQJSblQ4I57xJRGuMMNdR/cw/d9GGGVOpJ2abagP818VWk8QDsTzFG3piItKNRg+fko4VPxPK6UUvs6ce/yh0xh738y4eGM9wUBKAjQRsgz0QMx5u6i2S2dhhJ25EwjlD0q0oS2iAyAv2R7CRPz3rx3ZxptHP87Bg13N0PlMvVkPi+5KlGlGlM6Ty9h0ZvHpeCqjfwk5eblUqAQSX1I6Uan]A=="> but was:<Apex_l2_eg realm="[https://training.api.lab", apex_l2_eg_app_id="training-3O9HWXNyVT0701KyJIZte787", apex_l2_eg_nonce="iypPgHH6z78Mu3GloCA=", apex_l2_eg_signature_method="SHA256withRSA", apex_l2_eg_timestamp="1536650955984", apex_l2_eg_version="1.0", apex_l2_eg_signature="g1keVLjv1tAOUDhSCkpr3pqdF4BRfb37rVUT1a92X4iOY1tmO4XLBrTKgX5TNOULOQ1QBUj6yDPfmARgw4HlHOVWUzYz5qWf7IsBD25nRJ4jDbS4DMuNmIFtmsZE/JYVedNeBACM5+eSN0a6sozfUoGJzdLHEEXeQbPyHWQtfMNAZXLXRIGXsTBrUNEtcztaIM6XJpxdNqV0AHD7EEwr+INEwn0yayLOHb0L+qoXv0xSH4YxPFDc/GyamZMbfVfQGSkQ8ZOro5rQ/iC/Sarpov3yu5rS12erPEqdLESZzKNdWP/tNujVyKJT1S4uISFVI1bSzfU8RbR34TArDwXjo]A==">
	at org.junit.Assert.assertEquals(Assert.java:115)
	at org.junit.Assert.assertEquals(Assert.java:144)
	at com.api.util.testframework.RuntimeTestCase.getSignatureToken(RuntimeTestCase.java:212)
	at sun.reflect.NativeMethodAccessorImpl.invoke0(Native Method)
	at sun.reflect.NativeMethodAccessorImpl.invoke(NativeMethodAccessorImpl.java:62)
	at sun.reflect.DelegatingMethodAccessorImpl.invoke(DelegatingMethodAccessorImpl.java:43)
	at java.lang.reflect.Method.invoke(Method.java:498)
	at org.junit.runners.model.FrameworkMethod$1.runReflectiveCall(FrameworkMethod.java:50)
	at org.junit.internal.runners.model.ReflectiveCallable.run(ReflectiveCallable.java:12)
	at org.junit.runners.model.FrameworkMethod.invokeExplosively(FrameworkMethod.java:47)
	at com.api.util.testframework.JUnitFrameworkFactory.invokeExplosively(JUnitFrameworkFactory.java:28)
	at org.junit.internal.runners.statements.InvokeMethod.evaluate(InvokeMethod.java:17)
	at org.junit.runners.ParentRunner.runLeaf(ParentRunner.java:325)
	at org.junit.runners.BlockJUnit4ClassRunner.runChild(BlockJUnit4ClassRunner.java:78)
	at org.junit.runners.BlockJUnit4ClassRunner.runChild(BlockJUnit4ClassRunner.java:57)
	at org.junit.runners.ParentRunner$3.run(ParentRunner.java:290)
	at org.junit.runners.ParentRunner$1.schedule(ParentRunner.java:71)
	at org.junit.runners.ParentRunner.runChildren(ParentRunner.java:288)
	at org.junit.runners.ParentRunner.access$000(ParentRunner.java:58)
	at org.junit.runners.ParentRunner$2.evaluate(ParentRunner.java:268)
	at org.junit.runners.ParentRunner.run(ParentRunner.java:363)
	at org.apache.maven.surefire.junit4.JUnit4Provider.execute(JUnit4Provider.java:252)
	at org.apache.maven.surefire.junit4.JUnit4Provider.executeTestSet(JUnit4Provider.java:141)
	at org.apache.maven.surefire.junit4.JUnit4Provider.invoke(JUnit4Provider.java:112)
	at sun.reflect.NativeMethodAccessorImpl.invoke0(Native Method)
	at sun.reflect.NativeMethodAccessorImpl.invoke(NativeMethodAccessorImpl.java:62)
	at sun.reflect.DelegatingMethodAccessorImpl.invoke(DelegatingMethodAccessorImpl.java:43)
	at java.lang.reflect.Method.invoke(Method.java:498)
	at org.apache.maven.surefire.util.ReflectionUtils.invokeMethodWithArray(ReflectionUtils.java:189)
	at org.apache.maven.surefire.booter.ProviderFactory$ProviderProxy.invoke(ProviderFactory.java:165)
	at org.apache.maven.surefire.booter.ProviderFactory.invokeProvider(ProviderFactory.java:85)
	at org.apache.maven.surefire.booter.ForkedBooter.runSuitesInProcess(ForkedBooter.java:115)
	at org.apache.maven.surefire.booter.ForkedBooter.main(ForkedBooter.java:75)

tests=RuntimeTestCase.getSignatureToken[com.api.util.testframework.RuntimeTestCase@57f23557](com.api.util.ApiSecurity.ApiSecurityTest)  Time elapsed: 0.016 sec  <<< FAILURE!
org.junit.ComparisonFailure: expected:<Apex_l2_eg realm="[apex.l2.test]", apex_l2_eg_app_id...> but was:<Apex_l2_eg realm="[https://training.api.lab]", apex_l2_eg_app_id...>
	at org.junit.Assert.assertEquals(Assert.java:115)
	at org.junit.Assert.assertEquals(Assert.java:144)
	at com.api.util.testframework.RuntimeTestCase.getSignatureToken(RuntimeTestCase.java:212)
	at sun.reflect.NativeMethodAccessorImpl.invoke0(Native Method)
	at sun.reflect.NativeMethodAccessorImpl.invoke(NativeMethodAccessorImpl.java:62)
	at sun.reflect.DelegatingMethodAccessorImpl.invoke(DelegatingMethodAccessorImpl.java:43)
	at java.lang.reflect.Method.invoke(Method.java:498)
	at org.junit.runners.model.FrameworkMethod$1.runReflectiveCall(FrameworkMethod.java:50)
	at org.junit.internal.runners.model.ReflectiveCallable.run(ReflectiveCallable.java:12)
	at org.junit.runners.model.FrameworkMethod.invokeExplosively(FrameworkMethod.java:47)
	at com.api.util.testframework.JUnitFrameworkFactory.invokeExplosively(JUnitFrameworkFactory.java:28)
	at org.junit.internal.runners.statements.InvokeMethod.evaluate(InvokeMethod.java:17)
	at org.junit.runners.ParentRunner.runLeaf(ParentRunner.java:325)
	at org.junit.runners.BlockJUnit4ClassRunner.runChild(BlockJUnit4ClassRunner.java:78)
	at org.junit.runners.BlockJUnit4ClassRunner.runChild(BlockJUnit4ClassRunner.java:57)
	at org.junit.runners.ParentRunner$3.run(ParentRunner.java:290)
	at org.junit.runners.ParentRunner$1.schedule(ParentRunner.java:71)
	at org.junit.runners.ParentRunner.runChildren(ParentRunner.java:288)
	at org.junit.runners.ParentRunner.access$000(ParentRunner.java:58)
	at org.junit.runners.ParentRunner$2.evaluate(ParentRunner.java:268)
	at org.junit.runners.ParentRunner.run(ParentRunner.java:363)
	at org.apache.maven.surefire.junit4.JUnit4Provider.execute(JUnit4Provider.java:252)
	at org.apache.maven.surefire.junit4.JUnit4Provider.executeTestSet(JUnit4Provider.java:141)
	at org.apache.maven.surefire.junit4.JUnit4Provider.invoke(JUnit4Provider.java:112)
	at sun.reflect.NativeMethodAccessorImpl.invoke0(Native Method)
	at sun.reflect.NativeMethodAccessorImpl.invoke(NativeMethodAccessorImpl.java:62)
	at sun.reflect.DelegatingMethodAccessorImpl.invoke(DelegatingMethodAccessorImpl.java:43)
	at java.lang.reflect.Method.invoke(Method.java:498)
	at org.apache.maven.surefire.util.ReflectionUtils.invokeMethodWithArray(ReflectionUtils.java:189)
	at org.apache.maven.surefire.booter.ProviderFactory$ProviderProxy.invoke(ProviderFactory.java:165)
	at org.apache.maven.surefire.booter.ProviderFactory.invokeProvider(ProviderFactory.java:85)
	at org.apache.maven.surefire.booter.ForkedBooter.runSuitesInProcess(ForkedBooter.java:115)
	at org.apache.maven.surefire.booter.ForkedBooter.main(ForkedBooter.java:75)

tests=RuntimeTestCase.getSignatureToken[com.api.util.testframework.RuntimeTestCase@57f23557](com.api.util.ApiSecurity.ApiSecurityTest)  Time elapsed: 0.013 sec  <<< FAILURE!
org.junit.ComparisonFailure: expected:<Apex_l2_eg realm="[apex.l2.test]", apex_l2_eg_app_id...> but was:<Apex_l2_eg realm="[https://training.api.lab]", apex_l2_eg_app_id...>
	at org.junit.Assert.assertEquals(Assert.java:115)
	at org.junit.Assert.assertEquals(Assert.java:144)
	at com.api.util.testframework.RuntimeTestCase.getSignatureToken(RuntimeTestCase.java:212)
	at sun.reflect.NativeMethodAccessorImpl.invoke0(Native Method)
	at sun.reflect.NativeMethodAccessorImpl.invoke(NativeMethodAccessorImpl.java:62)
	at sun.reflect.DelegatingMethodAccessorImpl.invoke(DelegatingMethodAccessorImpl.java:43)
	at java.lang.reflect.Method.invoke(Method.java:498)
	at org.junit.runners.model.FrameworkMethod$1.runReflectiveCall(FrameworkMethod.java:50)
	at org.junit.internal.runners.model.ReflectiveCallable.run(ReflectiveCallable.java:12)
	at org.junit.runners.model.FrameworkMethod.invokeExplosively(FrameworkMethod.java:47)
	at com.api.util.testframework.JUnitFrameworkFactory.invokeExplosively(JUnitFrameworkFactory.java:28)
	at org.junit.internal.runners.statements.InvokeMethod.evaluate(InvokeMethod.java:17)
	at org.junit.runners.ParentRunner.runLeaf(ParentRunner.java:325)
	at org.junit.runners.BlockJUnit4ClassRunner.runChild(BlockJUnit4ClassRunner.java:78)
	at org.junit.runners.BlockJUnit4ClassRunner.runChild(BlockJUnit4ClassRunner.java:57)
	at org.junit.runners.ParentRunner$3.run(ParentRunner.java:290)
	at org.junit.runners.ParentRunner$1.schedule(ParentRunner.java:71)
	at org.junit.runners.ParentRunner.runChildren(ParentRunner.java:288)
	at org.junit.runners.ParentRunner.access$000(ParentRunner.java:58)
	at org.junit.runners.ParentRunner$2.evaluate(ParentRunner.java:268)
	at org.junit.runners.ParentRunner.run(ParentRunner.java:363)
	at org.apache.maven.surefire.junit4.JUnit4Provider.execute(JUnit4Provider.java:252)
	at org.apache.maven.surefire.junit4.JUnit4Provider.executeTestSet(JUnit4Provider.java:141)
	at org.apache.maven.surefire.junit4.JUnit4Provider.invoke(JUnit4Provider.java:112)
	at sun.reflect.NativeMethodAccessorImpl.invoke0(Native Method)
	at sun.reflect.NativeMethodAccessorImpl.invoke(NativeMethodAccessorImpl.java:62)
	at sun.reflect.DelegatingMethodAccessorImpl.invoke(DelegatingMethodAccessorImpl.java:43)
	at java.lang.reflect.Method.invoke(Method.java:498)
	at org.apache.maven.surefire.util.ReflectionUtils.invokeMethodWithArray(ReflectionUtils.java:189)
	at org.apache.maven.surefire.booter.ProviderFactory$ProviderProxy.invoke(ProviderFactory.java:165)
	at org.apache.maven.surefire.booter.ProviderFactory.invokeProvider(ProviderFactory.java:85)
	at org.apache.maven.surefire.booter.ForkedBooter.runSuitesInProcess(ForkedBooter.java:115)
	at org.apache.maven.surefire.booter.ForkedBooter.main(ForkedBooter.java:75)

tests=RuntimeTestCase.getSignatureToken[com.api.util.testframework.RuntimeTestCase@57f23557](com.api.util.ApiSecurity.ApiSecurityTest)  Time elapsed: 0.012 sec  <<< FAILURE!
org.junit.ComparisonFailure: expected:<Apex_l2_eg realm="[apex.l2.test]", apex_l2_eg_app_id...> but was:<Apex_l2_eg realm="[https://training.api.lab]", apex_l2_eg_app_id...>
	at org.junit.Assert.assertEquals(Assert.java:115)
	at org.junit.Assert.assertEquals(Assert.java:144)
	at com.api.util.testframework.RuntimeTestCase.getSignatureToken(RuntimeTestCase.java:212)
	at sun.reflect.NativeMethodAccessorImpl.invoke0(Native Method)
	at sun.reflect.NativeMethodAccessorImpl.invoke(NativeMethodAccessorImpl.java:62)
	at sun.reflect.DelegatingMethodAccessorImpl.invoke(DelegatingMethodAccessorImpl.java:43)
	at java.lang.reflect.Method.invoke(Method.java:498)
	at org.junit.runners.model.FrameworkMethod$1.runReflectiveCall(FrameworkMethod.java:50)
	at org.junit.internal.runners.model.ReflectiveCallable.run(ReflectiveCallable.java:12)
	at org.junit.runners.model.FrameworkMethod.invokeExplosively(FrameworkMethod.java:47)
	at com.api.util.testframework.JUnitFrameworkFactory.invokeExplosively(JUnitFrameworkFactory.java:28)
	at org.junit.internal.runners.statements.InvokeMethod.evaluate(InvokeMethod.java:17)
	at org.junit.runners.ParentRunner.runLeaf(ParentRunner.java:325)
	at org.junit.runners.BlockJUnit4ClassRunner.runChild(BlockJUnit4ClassRunner.java:78)
	at org.junit.runners.BlockJUnit4ClassRunner.runChild(BlockJUnit4ClassRunner.java:57)
	at org.junit.runners.ParentRunner$3.run(ParentRunner.java:290)
	at org.junit.runners.ParentRunner$1.schedule(ParentRunner.java:71)
	at org.junit.runners.ParentRunner.runChildren(ParentRunner.java:288)
	at org.junit.runners.ParentRunner.access$000(ParentRunner.java:58)
	at org.junit.runners.ParentRunner$2.evaluate(ParentRunner.java:268)
	at org.junit.runners.ParentRunner.run(ParentRunner.java:363)
	at org.apache.maven.surefire.junit4.JUnit4Provider.execute(JUnit4Provider.java:252)
	at org.apache.maven.surefire.junit4.JUnit4Provider.executeTestSet(JUnit4Provider.java:141)
	at org.apache.maven.surefire.junit4.JUnit4Provider.invoke(JUnit4Provider.java:112)
	at sun.reflect.NativeMethodAccessorImpl.invoke0(Native Method)
	at sun.reflect.NativeMethodAccessorImpl.invoke(NativeMethodAccessorImpl.java:62)
	at sun.reflect.DelegatingMethodAccessorImpl.invoke(DelegatingMethodAccessorImpl.java:43)
	at java.lang.reflect.Method.invoke(Method.java:498)
	at org.apache.maven.surefire.util.ReflectionUtils.invokeMethodWithArray(ReflectionUtils.java:189)
	at org.apache.maven.surefire.booter.ProviderFactory$ProviderProxy.invoke(ProviderFactory.java:165)
	at org.apache.maven.surefire.booter.ProviderFactory.invokeProvider(ProviderFactory.java:85)
	at org.apache.maven.surefire.booter.ForkedBooter.runSuitesInProcess(ForkedBooter.java:115)
	at org.apache.maven.surefire.booter.ForkedBooter.main(ForkedBooter.java:75)

tests=RuntimeTestCase.getSignatureToken[com.api.util.testframework.RuntimeTestCase@57f23557](com.api.util.ApiSecurity.ApiSecurityTest)  Time elapsed: 0.001 sec  <<< FAILURE!
java.lang.AssertionError: expected:<Invalid Authorization Prefix.> but was:<null>
	at org.junit.Assert.fail(Assert.java:88)
	at org.junit.Assert.failNotEquals(Assert.java:834)
	at org.junit.Assert.assertEquals(Assert.java:118)
	at org.junit.Assert.assertEquals(Assert.java:144)
	at com.api.util.testframework.RuntimeTestCase.getSignatureToken(RuntimeTestCase.java:217)
	at sun.reflect.NativeMethodAccessorImpl.invoke0(Native Method)
	at sun.reflect.NativeMethodAccessorImpl.invoke(NativeMethodAccessorImpl.java:62)
	at sun.reflect.DelegatingMethodAccessorImpl.invoke(DelegatingMethodAccessorImpl.java:43)
	at java.lang.reflect.Method.invoke(Method.java:498)
	at org.junit.runners.model.FrameworkMethod$1.runReflectiveCall(FrameworkMethod.java:50)
	at org.junit.internal.runners.model.ReflectiveCallable.run(ReflectiveCallable.java:12)
	at org.junit.runners.model.FrameworkMethod.invokeExplosively(FrameworkMethod.java:47)
	at com.api.util.testframework.JUnitFrameworkFactory.invokeExplosively(JUnitFrameworkFactory.java:28)
	at org.junit.internal.runners.statements.InvokeMethod.evaluate(InvokeMethod.java:17)
	at org.junit.runners.ParentRunner.runLeaf(ParentRunner.java:325)
	at org.junit.runners.BlockJUnit4ClassRunner.runChild(BlockJUnit4ClassRunner.java:78)
	at org.junit.runners.BlockJUnit4ClassRunner.runChild(BlockJUnit4ClassRunner.java:57)
	at org.junit.runners.ParentRunner$3.run(ParentRunner.java:290)
	at org.junit.runners.ParentRunner$1.schedule(ParentRunner.java:71)
	at org.junit.runners.ParentRunner.runChildren(ParentRunner.java:288)
	at org.junit.runners.ParentRunner.access$000(ParentRunner.java:58)
	at org.junit.runners.ParentRunner$2.evaluate(ParentRunner.java:268)
	at org.junit.runners.ParentRunner.run(ParentRunner.java:363)
	at org.apache.maven.surefire.junit4.JUnit4Provider.execute(JUnit4Provider.java:252)
	at org.apache.maven.surefire.junit4.JUnit4Provider.executeTestSet(JUnit4Provider.java:141)
	at org.apache.maven.surefire.junit4.JUnit4Provider.invoke(JUnit4Provider.java:112)
	at sun.reflect.NativeMethodAccessorImpl.invoke0(Native Method)
	at sun.reflect.NativeMethodAccessorImpl.invoke(NativeMethodAccessorImpl.java:62)
	at sun.reflect.DelegatingMethodAccessorImpl.invoke(DelegatingMethodAccessorImpl.java:43)
	at java.lang.reflect.Method.invoke(Method.java:498)
	at org.apache.maven.surefire.util.ReflectionUtils.invokeMethodWithArray(ReflectionUtils.java:189)
	at org.apache.maven.surefire.booter.ProviderFactory$ProviderProxy.invoke(ProviderFactory.java:165)
	at org.apache.maven.surefire.booter.ProviderFactory.invokeProvider(ProviderFactory.java:85)
	at org.apache.maven.surefire.booter.ForkedBooter.runSuitesInProcess(ForkedBooter.java:115)
	at org.apache.maven.surefire.booter.ForkedBooter.main(ForkedBooter.java:75)

tests=RuntimeTestCase.getSignatureToken[com.api.util.testframework.RuntimeTestCase@57f23557](com.api.util.ApiSecurity.ApiSecurityTest)  Time elapsed: 0.001 sec  <<< FAILURE!
java.lang.AssertionError: Not Expecting ApiUtilException error.
	at org.junit.Assert.fail(Assert.java:88)
	at com.api.util.testframework.RuntimeTestCase.getSignatureToken(RuntimeTestCase.java:220)
	at sun.reflect.NativeMethodAccessorImpl.invoke0(Native Method)
	at sun.reflect.NativeMethodAccessorImpl.invoke(NativeMethodAccessorImpl.java:62)
	at sun.reflect.DelegatingMethodAccessorImpl.invoke(DelegatingMethodAccessorImpl.java:43)
	at java.lang.reflect.Method.invoke(Method.java:498)
	at org.junit.runners.model.FrameworkMethod$1.runReflectiveCall(FrameworkMethod.java:50)
	at org.junit.internal.runners.model.ReflectiveCallable.run(ReflectiveCallable.java:12)
	at org.junit.runners.model.FrameworkMethod.invokeExplosively(FrameworkMethod.java:47)
	at com.api.util.testframework.JUnitFrameworkFactory.invokeExplosively(JUnitFrameworkFactory.java:28)
	at org.junit.internal.runners.statements.InvokeMethod.evaluate(InvokeMethod.java:17)
	at org.junit.runners.ParentRunner.runLeaf(ParentRunner.java:325)
	at org.junit.runners.BlockJUnit4ClassRunner.runChild(BlockJUnit4ClassRunner.java:78)
	at org.junit.runners.BlockJUnit4ClassRunner.runChild(BlockJUnit4ClassRunner.java:57)
	at org.junit.runners.ParentRunner$3.run(ParentRunner.java:290)
	at org.junit.runners.ParentRunner$1.schedule(ParentRunner.java:71)
	at org.junit.runners.ParentRunner.runChildren(ParentRunner.java:288)
	at org.junit.runners.ParentRunner.access$000(ParentRunner.java:58)
	at org.junit.runners.ParentRunner$2.evaluate(ParentRunner.java:268)
	at org.junit.runners.ParentRunner.run(ParentRunner.java:363)
	at org.apache.maven.surefire.junit4.JUnit4Provider.execute(JUnit4Provider.java:252)
	at org.apache.maven.surefire.junit4.JUnit4Provider.executeTestSet(JUnit4Provider.java:141)
	at org.apache.maven.surefire.junit4.JUnit4Provider.invoke(JUnit4Provider.java:112)
	at sun.reflect.NativeMethodAccessorImpl.invoke0(Native Method)
	at sun.reflect.NativeMethodAccessorImpl.invoke(NativeMethodAccessorImpl.java:62)
	at sun.reflect.DelegatingMethodAccessorImpl.invoke(DelegatingMethodAccessorImpl.java:43)
	at java.lang.reflect.Method.invoke(Method.java:498)
	at org.apache.maven.surefire.util.ReflectionUtils.invokeMethodWithArray(ReflectionUtils.java:189)
	at org.apache.maven.surefire.booter.ProviderFactory$ProviderProxy.invoke(ProviderFactory.java:165)
	at org.apache.maven.surefire.booter.ProviderFactory.invokeProvider(ProviderFactory.java:85)
	at org.apache.maven.surefire.booter.ForkedBooter.runSuitesInProcess(ForkedBooter.java:115)
	at org.apache.maven.surefire.booter.ForkedBooter.main(ForkedBooter.java:75)


Results :

Failed tests:   tests=RuntimeTestCase.getSignatureToken[com.api.util.testframework.RuntimeTestCase@57f23557](com.api.util.ApiSecurity.ApiSecurityTest): expected:<...ex_l1_eg_signature="[15F82gImU+m+lHLjErxOcAAvdWTcYnHk3nHfXqw5D70]="> but was:<...ex_l1_eg_signature="[nL5RYWSdyDXk9p5h4DLytyQ9uw5d1wAHe7o2r7enx18]=">
  tests=RuntimeTestCase.getSignatureToken[com.api.util.testframework.RuntimeTestCase@57f23557](com.api.util.ApiSecurity.ApiSecurityTest): Not Expecting ApiUtilException error.
  tests=RuntimeTestCase.getSignatureToken[com.api.util.testframework.RuntimeTestCase@57f23557](com.api.util.ApiSecurity.ApiSecurityTest): Not Expecting ApiUtilException error.
  tests=RuntimeTestCase.getSignatureToken[com.api.util.testframework.RuntimeTestCase@57f23557](com.api.util.ApiSecurity.ApiSecurityTest): Not Expecting ApiUtilException error.
  tests=RuntimeTestCase.getSignatureToken[com.api.util.testframework.RuntimeTestCase@57f23557](com.api.util.ApiSecurity.ApiSecurityTest): expected:<Apex_l2_eg realm="[apex.l2.test", apex_l2_eg_app_id="training-3O9HWXNyVT0701KyJIZte787", apex_l2_eg_nonce="iypPgHH6z78Mu3GloCA=", apex_l2_eg_signature_method="SHA256withRSA", apex_l2_eg_timestamp="1536650955984", apex_l2_eg_version="1.0", apex_l2_eg_signature="LiEf7Mwxac/2PI20eV3kAUPf62AIYVeyiKEyItH+UL6vTGk4L3iULgKYxkrZWjv6PXIth7NHKKNPdsQfl7nFrxCauE4QbDpiYYxrQN5QZ6xJLTqCUVbpJH7Cr6Cnxo9eUOttRykcpquuVW2IJ8xdfKYRmmjkHONAAWogliwILI2Q3UR4Ki+4KuXkoz1tzO5zpznhvv8k9LgloKtx/2gd+hLAMqOQRpuJ3cXBomIEA7NjarC8gmm49wl+x5Z4vN0KIuOOmvh0IkVHGRPAtDn3o7f2LV8a8K2uO4KD8xVY1q/OiDeQAsZGvMv+5x2b8BZ0ZL8iOajGIvyO2RNfFPy1OQ]=="> but was:<Apex_l2_eg realm="[https://training.api.lab", apex_l2_eg_app_id="training-3O9HWXNyVT0701KyJIZte787", apex_l2_eg_nonce="iypPgHH6z78Mu3GloCA=", apex_l2_eg_signature_method="SHA256withRSA", apex_l2_eg_timestamp="1536650955984", apex_l2_eg_version="1.0", apex_l2_eg_signature="Cs6oF2hrJ2UjCklCEYifzNcmFruMtwMxACwEtuuhHL2ZHjvaaLqCgBAREXUMicWhE7zjNbJQemxJULesYhNTV0B03kq1knwn1RnQLFZXA9ekl1Vl1cV+tm33B/OL10EdhUTErTiN7knzcxH4571L67rZ84jHDBu/WoUmD62soUmURpKkGTGqcB29Evgx1m/8vX66qU3gS/TKJzevx43xBxAhhuKT0ijkZWwOICsmwh0PzcY/R9MF3v5aLNdMx0GMxl3Wim8mekNiUXedXKtl4/zZ9tJAGVa/yph5yrj466iGVRWIZcDSr8q7uLQdh1VIsOwioW3DKVoXK8WKW7Tl8g]==">
  tests=RuntimeTestCase.getSignatureToken[com.api.util.testframework.RuntimeTestCase@57f23557](com.api.util.ApiSecurity.ApiSecurityTest): expected:<Apex_l2_eg realm="[apex.l2.test", apex_l2_eg_app_id="training-3O9HWXNyVT0701KyJIZte787", apex_l2_eg_nonce="iypPgHH6z78Mu3GloCA=", apex_l2_eg_signature_method="SHA256withRSA", apex_l2_eg_timestamp="1536650955984", apex_l2_eg_version="1.0", apex_l2_eg_signature="jp4Q2JyVWKlq0ruvD6RJvBrOs5P5b/XDCgrHNfAMOO23+P+A36fi5OFjP14gDqmf/pxwDEvmJuAX2T0oYfAHRzaCAeeh4kdfcYXINCFT/OIF+Xt+1ivTkOAP0IyIKVvQJSblQ4I57xJRGuMMNdR/cw/d9GGGVOpJ2abagP818VWk8QDsTzFG3piItKNRg+fko4VPxPK6UUvs6ce/yh0xh738y4eGM9wUBKAjQRsgz0QMx5u6i2S2dhhJ25EwjlD0q0oS2iAyAv2R7CRPz3rx3ZxptHP87Bg13N0PlMvVkPi+5KlGlGlM6Ty9h0ZvHpeCqjfwk5eblUqAQSX1I6Uan]A=="> but was:<Apex_l2_eg realm="[https://training.api.lab", apex_l2_eg_app_id="training-3O9HWXNyVT0701KyJIZte787", apex_l2_eg_nonce="iypPgHH6z78Mu3GloCA=", apex_l2_eg_signature_method="SHA256withRSA", apex_l2_eg_timestamp="1536650955984", apex_l2_eg_version="1.0", apex_l2_eg_signature="g1keVLjv1tAOUDhSCkpr3pqdF4BRfb37rVUT1a92X4iOY1tmO4XLBrTKgX5TNOULOQ1QBUj6yDPfmARgw4HlHOVWUzYz5qWf7IsBD25nRJ4jDbS4DMuNmIFtmsZE/JYVedNeBACM5+eSN0a6sozfUoGJzdLHEEXeQbPyHWQtfMNAZXLXRIGXsTBrUNEtcztaIM6XJpxdNqV0AHD7EEwr+INEwn0yayLOHb0L+qoXv0xSH4YxPFDc/GyamZMbfVfQGSkQ8ZOro5rQ/iC/Sarpov3yu5rS12erPEqdLESZzKNdWP/tNujVyKJT1S4uISFVI1bSzfU8RbR34TArDwXjo]A==">
  tests=RuntimeTestCase.getSignatureToken[com.api.util.testframework.RuntimeTestCase@57f23557](com.api.util.ApiSecurity.ApiSecurityTest): expected:<Apex_l2_eg realm="[apex.l2.test]", apex_l2_eg_app_id...> but was:<Apex_l2_eg realm="[https://training.api.lab]", apex_l2_eg_app_id...>
  tests=RuntimeTestCase.getSignatureToken[com.api.util.testframework.RuntimeTestCase@57f23557](com.api.util.ApiSecurity.ApiSecurityTest): expected:<Apex_l2_eg realm="[apex.l2.test]", apex_l2_eg_app_id...> but was:<Apex_l2_eg realm="[https://training.api.lab]", apex_l2_eg_app_id...>
  tests=RuntimeTestCase.getSignatureToken[com.api.util.testframework.RuntimeTestCase@57f23557](com.api.util.ApiSecurity.ApiSecurityTest): expected:<Apex_l2_eg realm="[apex.l2.test]", apex_l2_eg_app_id...> but was:<Apex_l2_eg realm="[https://training.api.lab]", apex_l2_eg_app_id...>
  tests=RuntimeTestCase.getSignatureToken[com.api.util.testframework.RuntimeTestCase@57f23557](com.api.util.ApiSecurity.ApiSecurityTest): expected:<Invalid Authorization Prefix.> but was:<null>
  tests=RuntimeTestCase.getSignatureToken[com.api.util.testframework.RuntimeTestCase@57f23557](com.api.util.ApiSecurity.ApiSecurityTest): Not Expecting ApiUtilException error.

Tests run: 11, Failures: 11, Errors: 0, Skipped: 0

[INFO] ------------------------------------------------------------------------
[INFO] BUILD FAILURE
[INFO] ------------------------------------------------------------------------
[INFO] Total time: 5.734 s
[INFO] Finished at: 2021-10-05T15:26:11+08:00
[INFO] ------------------------------------------------------------------------
[ERROR] Failed to execute goal org.apache.maven.plugins:maven-surefire-plugin:2.12.4:test (default-test) on project ApiSecurity: There are test failures.
[ERROR] 
[ERROR] Please refer to /Users/nsearch-sohboonkeong/GovTech/workspace/java-apex-api-security/target/surefire-reports for the individual test results.
[ERROR] -> [Help 1]
[ERROR] 
[ERROR] To see the full stack trace of the errors, re-run Maven with the -e switch.
[ERROR] Re-run Maven using the -X switch to enable full debug logging.
[ERROR] 
[ERROR] For more information about the errors and possible solutions, please read the following articles:
[ERROR] [Help 1] http://cwiki.apache.org/confluence/display/MAVEN/MojoFailureException
